|SourceProjectName:ROIHelp.hpr
|DestinationProjectName:title_page.htm
whhost.js
whmsg.js
whmozemu.js
whproxy.js
whstub.js
whutils.js
whver.js
whform.js
whphost.js
whstart.js
whtopic.js
whframes.js
whlang.js
whskin_info.htm
whskin_blank.htm
whskin_pickup.htm
whskin_homepage.htm
whskin_tw.htm
whnjs.htm
whthost.js
whtdhtml.htm
whihost.js
whibody.htm
whiform.htm
whfhost.js
whfbody.htm
whfform.htm
whghost.js
whgbody.htm
whgdhtml.htm
whgdef.htm
whproj.js
whproj.xml
whproj.htm
whxdata\whtoc.xml
whxdata\whidx.xml
whxdata\whfts.xml
whxdata\whglo.xml
whdata\whtoc.js
whdata\whtoc.htm
whdata\whtdata.js
whdata\whidx.js
whdata\whidx.htm
whdata\whidata.js
whdata\whfts.js
whdata\whfts.htm
whdata\whglo.js
whdata\whglo.htm
whdata\whgdata.js
whdata\whftdata.js
whdata\whfwdata.js
whres.xml
webhelp.jar
webhelp.cab
whgdata\whnvp30.htm
whgdata\whnvp31.htm
whgdata\whnvp32.htm
whgdata\whnvp33.htm
whgdata\whnvt30.htm
whgdata\whnvt31.htm
whgdata\whnvt32.htm
whgdata\whnvt33.htm
whgdata\whnvf30.htm
whgdata\whnvf31.htm
whgdata\whnvf32.htm
whgdata\whnvf33.htm
whgdata\whnvl31.htm
whgdata\whnvl32.htm
whgdata\whnvl33.htm
whgdata\whexpbar.gif
cshdat_webhelp.htm
whcsh_home.htm
whcshdata.htm
cshdat_robohelp.htm
wht_tab0.gif
wht_tab1.gif
wht_tab2.gif
wht_tab3.gif
wht_tab4.gif
wht_tab5.gif
wht_tab6.gif
wht_tab7.gif
wht_tab8.gif
wht_glo_h.gif
wht_glo_n.gif
wht_fts_h.gif
wht_fts_n.gif
wht_idx_h.gif
wht_idx_n.gif
wht_toc_h.gif
wht_toc_n.gif
wht_ws.gif
wht_ws_g.gif
wht_logo1.gif
wht_logo2.gif
wht_abgw.jpg
wht_abgi.jpg
wht_abge.jpg
wht_abtw.jpg
wht_abte.jpg
wht_abti.jpg
wht_spac.gif
wht_next.gif
wht_next_g.gif
wht_prev.gif
wht_prev_g.gif
wht_sync.gif
wht_hide.gif
wht_go.gif
whstart.ico
whestart.ico
whrstart.ico
whidhtml.htm
whfdhtml.htm
whskin_banner.htm
whtbar.js
mckesson.js
mck_logo_small_reverse.gif
toc_open_icon.gif
toc_close_icon.gif
toc_doc_icon.gif
whskin_pdhtml.htm
whskin_papplet.htm
whskin_plist.htm
whskin_tbars.htm
whskin_mbars.htm
wht_toc4.gif
whskin_frmset010.htm
whst_topics.xml
whskin_frmset01.htm
title_page_hha.hhk
title_page.hhc
title_page.hhk
admin\about_roi_administration.htm
admin\billing_maint\about_billing_maintenance.htm
admin\billing_maint\form_descrip\billing_templates_form.htm
admin\billing_maint\form_descrip\billing_templates_items\billing_templates_grid.htm
admin\billing_maint\form_descrip\billing_templates_items\cancel.htm
admin\billing_maint\form_descrip\billing_templates_items\create_new.htm
admin\billing_maint\form_descrip\billing_templates_items\delete.htm
admin\billing_maint\form_descrip\billing_templates_items\fee_types.htm
admin\billing_maint\form_descrip\billing_templates_items\save.htm
admin\billing_maint\form_descrip\billing_templates_items\template_name.htm
admin\billing_maint\form_descrip\billing_tiers_form.htm
admin\billing_maint\form_descrip\billing_tiers_items\billing_tiers_grid.htm
admin\billing_maint\form_descrip\billing_tiers_items\cancel.htm
admin\billing_maint\form_descrip\billing_tiers_items\create_new.htm
admin\billing_maint\form_descrip\billing_tiers_items\delete.htm
admin\billing_maint\form_descrip\billing_tiers_items\description.htm
admin\billing_maint\form_descrip\billing_tiers_items\media_type.htm
admin\billing_maint\form_descrip\billing_tiers_items\rates_section.htm
admin\billing_maint\form_descrip\billing_tiers_items\save.htm
admin\billing_maint\form_descrip\billing_tiers_items\tier_name.htm
admin\billing_maint\form_descrip\delivery_methods_form.htm
admin\billing_maint\form_descrip\delivery_methods_items\cancel.htm
admin\billing_maint\form_descrip\delivery_methods_items\create_new.htm
admin\billing_maint\form_descrip\delivery_methods_items\default.htm
admin\billing_maint\form_descrip\delivery_methods_items\delete.htm
admin\billing_maint\form_descrip\delivery_methods_items\delivery_methods_grid.htm
admin\billing_maint\form_descrip\delivery_methods_items\description.htm
admin\billing_maint\form_descrip\delivery_methods_items\name.htm
admin\billing_maint\form_descrip\delivery_methods_items\save.htm
admin\billing_maint\form_descrip\delivery_methods_items\url.htm
admin\billing_maint\form_descrip\fee_types_form.htm
admin\billing_maint\form_descrip\fee_types_items\amount.htm
admin\billing_maint\form_descrip\fee_types_items\cancel.htm
admin\billing_maint\form_descrip\fee_types_items\create_new.htm
admin\billing_maint\form_descrip\fee_types_items\delete.htm
admin\billing_maint\form_descrip\fee_types_items\description.htm
admin\billing_maint\form_descrip\fee_types_items\fee_name.htm
admin\billing_maint\form_descrip\fee_types_items\fee_types_grid.htm
admin\billing_maint\form_descrip\fee_types_items\save.htm
admin\billing_maint\form_descrip\media_types_form.htm
admin\billing_maint\form_descrip\media_types_items\cancel.htm
admin\billing_maint\form_descrip\media_types_items\create_new.htm
admin\billing_maint\form_descrip\media_types_items\delete.htm
admin\billing_maint\form_descrip\media_types_items\description.htm
admin\billing_maint\form_descrip\media_types_items\media_name.htm
admin\billing_maint\form_descrip\media_types_items\media_types_grid.htm
admin\billing_maint\form_descrip\media_types_items\save.htm
admin\billing_maint\form_descrip\page_weight_form.htm
admin\billing_maint\form_descrip\page_weight_items\cancel.htm
admin\billing_maint\form_descrip\page_weight_items\pages_=_1_ounce.htm
admin\billing_maint\form_descrip\page_weight_items\save.htm
admin\billing_maint\form_descrip\payment_methods_form.htm
admin\billing_maint\form_descrip\payment_methods_items\cancel.htm
admin\billing_maint\form_descrip\payment_methods_items\create_new.htm
admin\billing_maint\form_descrip\payment_methods_items\delete.htm
admin\billing_maint\form_descrip\payment_methods_items\description.htm
admin\billing_maint\form_descrip\payment_methods_items\form_field.htm
admin\billing_maint\form_descrip\payment_methods_items\payment_methods_grid.htm
admin\billing_maint\form_descrip\payment_methods_items\payment_name.htm
admin\billing_maint\form_descrip\payment_methods_items\save.htm
admin\billing_maint\form_descrip\requestor_type_form.htm
admin\billing_maint\form_descrip\requestor_type_items\billing_template.htm
admin\billing_maint\form_descrip\requestor_type_items\cancel.htm
admin\billing_maint\form_descrip\requestor_type_items\create_new.htm
admin\billing_maint\form_descrip\requestor_type_items\default_record_view.htm
admin\billing_maint\form_descrip\requestor_type_items\delete.htm
admin\billing_maint\form_descrip\requestor_type_items\hpf_billing_tier.htm
admin\billing_maint\form_descrip\requestor_type_items\non-hpf_billing_tier.htm
admin\billing_maint\form_descrip\requestor_type_items\requestor_type.htm
admin\billing_maint\form_descrip\requestor_type_items\requestor_type_grid.htm
admin\billing_maint\form_descrip\requestor_type_items\save.htm
admin\billing_maint\user_instruc\maintain_billing_templates.htm
admin\billing_maint\user_instruc\maintain_billing_tiers.htm
admin\billing_maint\user_instruc\maintain_delivery_methods.htm
admin\billing_maint\user_instruc\maintain_fee_types.htm
admin\billing_maint\user_instruc\maintain_media_types.htm
admin\billing_maint\user_instruc\maintain_page_weight.htm
admin\billing_maint\user_instruc\maintain_payment_methods.htm
admin\billing_maint\user_instruc\maintain_requestor_types.htm
admin\config_output\about_configure_output_settings.htm
admin\config_output\db_desc\config_output_items\cease_retries.htm
admin\config_output\db_desc\config_output_items\close.htm
admin\config_output\db_desc\config_output_items\create_new.htm
admin\config_output\db_desc\config_output_items\delete.htm
admin\config_output\db_desc\config_output_items\display_h_f_group.htm
admin\config_output\db_desc\config_output_items\display_wmark_group.htm
admin\config_output\db_desc\config_output_items\edit.htm
admin\config_output\db_desc\config_output_items\edit_on_source_tab.htm
admin\config_output\db_desc\config_output_items\enable.htm
admin\config_output\db_desc\config_output_items\queues_grid.htm
admin\config_output\db_desc\config_output_items\reset.htm
admin\config_output\db_desc\config_output_items\save.htm
admin\config_output\db_desc\config_output_items\save_output.htm
admin\config_output\db_desc\config_output_items\sources_grid.htm
admin\config_output\db_desc\configure_output_settings_db.htm
admin\config_output\db_desc\create_or_edit_queue_db.htm
admin\config_output\db_desc\create_or_edit_queue_items\cancel.htm
admin\config_output\db_desc\create_or_edit_queue_items\description.htm
admin\config_output\db_desc\create_or_edit_queue_items\ok.htm
admin\config_output\db_desc\create_or_edit_queue_items\queue_name.htm
admin\config_output\db_desc\create_or_edit_queue_items\queue_type.htm
admin\config_output\db_desc\create_or_edit_queue_items\set_queue_prop_group_box.htm
admin\config_output\db_desc\edit_source_db.htm
admin\config_output\db_desc\edit_source_db_items\cancel.htm
admin\config_output\db_desc\edit_source_db_items\description.htm
admin\config_output\db_desc\edit_source_db_items\ok.htm
admin\config_output\db_desc\edit_source_db_items\set_prop_for_source.htm
admin\config_output\db_desc\edit_source_db_items\source_name.htm
admin\config_output\db_desc\edit_source_db_items\source_type.htm
admin\config_output\user_instruc\config_source_for_release_docs.htm
admin\config_output\user_instruc\configure_h_f_w.htm
admin\config_output\user_instruc\configure_output_queues.htm
admin\config_output\user_instruc\configure_save_retry_options.htm
admin\other_maint\about_other_maintenance.htm
admin\other_maint\form_descrip\configure_notes_form.htm
admin\other_maint\form_descrip\configure_notes_items\cancel.htm
admin\other_maint\form_descrip\configure_notes_items\configure_notes_grid.htm
admin\other_maint\form_descrip\configure_notes_items\create_new.htm
admin\other_maint\form_descrip\configure_notes_items\delete.htm
admin\other_maint\form_descrip\configure_notes_items\display_text.htm
admin\other_maint\form_descrip\configure_notes_items\name.htm
admin\other_maint\form_descrip\configure_notes_items\save.htm
admin\other_maint\form_descrip\document_types_form.htm
admin\other_maint\form_descrip\document_types_items\cancel.htm
admin\other_maint\form_descrip\document_types_items\code_set.htm
admin\other_maint\form_descrip\document_types_items\document_types_grid.htm
admin\other_maint\form_descrip\document_types_items\save.htm
admin\other_maint\form_descrip\letter_templates_form.htm
admin\other_maint\form_descrip\letter_templates_items\browse.htm
admin\other_maint\form_descrip\letter_templates_items\cancel.htm
admin\other_maint\form_descrip\letter_templates_items\create_new.htm
admin\other_maint\form_descrip\letter_templates_items\default.htm
admin\other_maint\form_descrip\letter_templates_items\delete.htm
admin\other_maint\form_descrip\letter_templates_items\description.htm
admin\other_maint\form_descrip\letter_templates_items\download.htm
admin\other_maint\form_descrip\letter_templates_items\letter_templates_grid.htm
admin\other_maint\form_descrip\letter_templates_items\letter_type.htm
admin\other_maint\form_descrip\letter_templates_items\name.htm
admin\other_maint\form_descrip\letter_templates_items\save.htm
admin\other_maint\form_descrip\letter_templates_items\upload_file.htm
admin\other_maint\form_descrip\masking_form.htm
admin\other_maint\form_descrip\masking_items\apply_ssn_masking.htm
admin\other_maint\form_descrip\masking_items\cancel.htm
admin\other_maint\form_descrip\masking_items\save.htm
admin\other_maint\user_instruc\configure_masking.htm
admin\other_maint\user_instruc\configure_notes.htm
admin\other_maint\user_instruc\maintain_document_types.htm
admin\other_maint\user_instruc\maintain_letter_templates.htm
admin\reasons_maint\about_reasons_maintenance.htm
admin\reasons_maint\form_descrip\adjustment_reasons_form.htm
admin\reasons_maint\form_descrip\adjustment_reasons_items\adj_reasons_grid.htm
admin\reasons_maint\form_descrip\adjustment_reasons_items\cancel.htm
admin\reasons_maint\form_descrip\adjustment_reasons_items\create_new.htm
admin\reasons_maint\form_descrip\adjustment_reasons_items\delete.htm
admin\reasons_maint\form_descrip\adjustment_reasons_items\display_text.htm
admin\reasons_maint\form_descrip\adjustment_reasons_items\reason_name.htm
admin\reasons_maint\form_descrip\adjustment_reasons_items\save.htm
admin\reasons_maint\form_descrip\request_reasons_form.htm
admin\reasons_maint\form_descrip\request_reasons_items\attribute.htm
admin\reasons_maint\form_descrip\request_reasons_items\cancel.htm
admin\reasons_maint\form_descrip\request_reasons_items\create_new.htm
admin\reasons_maint\form_descrip\request_reasons_items\delete.htm
admin\reasons_maint\form_descrip\request_reasons_items\display_text.htm
admin\reasons_maint\form_descrip\request_reasons_items\reason_name.htm
admin\reasons_maint\form_descrip\request_reasons_items\request_reasons_grid.htm
admin\reasons_maint\form_descrip\request_reasons_items\save.htm
admin\reasons_maint\form_descrip\request_status_reasons_form.htm
admin\reasons_maint\form_descrip\request_status_reasons_items\cancel.htm
admin\reasons_maint\form_descrip\request_status_reasons_items\create_new.htm
admin\reasons_maint\form_descrip\request_status_reasons_items\delete.htm
admin\reasons_maint\form_descrip\request_status_reasons_items\display_text.htm
admin\reasons_maint\form_descrip\request_status_reasons_items\reason_name.htm
admin\reasons_maint\form_descrip\request_status_reasons_items\request_status.htm
admin\reasons_maint\form_descrip\request_status_reasons_items\rsr_grid.htm
admin\reasons_maint\form_descrip\request_status_reasons_items\save.htm
admin\reasons_maint\user_instruc\maintain_adjustment_reasons.htm
admin\reasons_maint\user_instruc\maintain_request_reasons.htm
admin\reasons_maint\user_instruc\maintain_request_status_reasons.htm
front_matter\copyright_page.htm
front_matter\title_page.htm
getting_started\about_this_module.htm
getting_started\logging_on_and_off\about_logging_on_or_off.htm
getting_started\logging_on_and_off\auto-logoff.htm
getting_started\logging_on_and_off\change_your_password.htm
getting_started\logging_on_and_off\dialog_box_descriptions\change_password_dialog_box\cancel_button.htm
getting_started\logging_on_and_off\dialog_box_descriptions\change_password_dialog_box\confirm_new_password_box.htm
getting_started\logging_on_and_off\dialog_box_descriptions\change_password_dialog_box\current_password_box.htm
getting_started\logging_on_and_off\dialog_box_descriptions\change_password_dialog_box\new_password_box.htm
getting_started\logging_on_and_off\dialog_box_descriptions\change_password_dialog_box\ok_button.htm
getting_started\logging_on_and_off\dialog_box_descriptions\change_password_dialog_box.htm
getting_started\logging_on_and_off\dialog_box_descriptions\logon_dialog_box\cancel_button_on_logon_dbox.htm
getting_started\logging_on_and_off\dialog_box_descriptions\logon_dialog_box\change_password_button.htm
getting_started\logging_on_and_off\dialog_box_descriptions\logon_dialog_box\log_on_button.htm
getting_started\logging_on_and_off\dialog_box_descriptions\logon_dialog_box\password_box.htm
getting_started\logging_on_and_off\dialog_box_descriptions\logon_dialog_box\user_id_box.htm
getting_started\logging_on_and_off\dialog_box_descriptions\logon_dialog_box.htm
getting_started\logging_on_and_off\log_on.htm
getting_started\logging_on_and_off\manual_logoff.htm
getting_started\your_workspace\about_the_user_interface.htm
getting_started\your_workspace\menu_descriptions.htm
getting_started\your_workspace\windows_and_dboxes.htm
patients\about_patient_records.htm
patients\dbox_desc\create_new_non-hpf_document_dialog_box.htm
patients\dbox_desc\create_new_patient_requestor\cancel_button.htm
patients\dbox_desc\create_new_patient_requestor\patients_grid.htm
patients\dbox_desc\create_new_patient_requestor\select_patient_as_requestor_button.htm
patients\dbox_desc\create_new_patient_requestor_dialog_box.htm
patients\dbox_desc\create_new_req_with_pat_requesting_dbox\cancel_button.htm
patients\dbox_desc\create_new_req_with_pat_requesting_dbox\continue_with_no_patient_button.htm
patients\dbox_desc\create_new_req_with_pat_requesting_dbox\continue_with_selected_patient(s)_button.htm
patients\dbox_desc\create_new_req_with_pat_requesting_dbox\new_requestor_button.htm
patients\dbox_desc\create_new_req_with_pat_requesting_dbox\patients_grid.htm
patients\dbox_desc\create_new_req_with_pat_requesting_dbox\requestors_grid.htm
patients\dbox_desc\create_new_req_with_pat_requesting_dbox\select_patient_as_requestor_button.htm
patients\dbox_desc\create_new_req_with_pat_requesting_dbox\select_requestor_button.htm
patients\dbox_desc\create_new_request_with_patient_requesting_dialog_box.htm
patients\dbox_desc\create_or_edit_a_non-hpf_document\cancel_button.htm
patients\dbox_desc\create_or_edit_a_non-hpf_document\comment_box.htm
patients\dbox_desc\create_or_edit_a_non-hpf_document\date_of_service_box.htm
patients\dbox_desc\create_or_edit_a_non-hpf_document\delete_button.htm
patients\dbox_desc\create_or_edit_a_non-hpf_document\department_box.htm
patients\dbox_desc\create_or_edit_a_non-hpf_document\document_type_box.htm
patients\dbox_desc\create_or_edit_a_non-hpf_document\enc_acct_box.htm
patients\dbox_desc\create_or_edit_a_non-hpf_document\facility_box.htm
patients\dbox_desc\create_or_edit_a_non-hpf_document\page_count_box.htm
patients\dbox_desc\create_or_edit_a_non-hpf_document\save_button.htm
patients\dbox_desc\create_or_edit_a_non-hpf_document\subtitle_box.htm
patients\dbox_desc\edit_non-hpf_document_dialog_box.htm
patients\dbox_desc\encounter_details_dialog_box\close_button.htm
patients\dbox_desc\encounter_details_dialog_box\encounters_grid.htm
patients\dbox_desc\encounter_details_dialog_box.htm
patients\dbox_desc\list_of_deficiencies_dialog_box\close_button.htm
patients\dbox_desc\list_of_deficiencies_dialog_box\deficiencies_grid.htm
patients\dbox_desc\list_of_deficiencies_dialog_box\display_buttons.htm
patients\dbox_desc\list_of_deficiencies_dialog_box.htm
patients\dbox_desc\potential_patient_mismatch_dialog_box\cancel_button.htm
patients\dbox_desc\potential_patient_mismatch_dialog_box\continue_with_selected_patient(s)_button.htm
patients\dbox_desc\potential_patient_mismatch_dialog_box\patients_grid.htm
patients\dbox_desc\potential_patient_mismatch_dialog_box.htm
patients\dbox_desc\set_encounter_filter_dialog_box\cancel_button.htm
patients\dbox_desc\set_encounter_filter_dialog_box\encounters_grid.htm
patients\dbox_desc\set_encounter_filter_dialog_box\filter_by_encounters_button.htm
patients\dbox_desc\set_encounter_filter_dialog_box\turn_off_filter_button.htm
patients\dbox_desc\set_encounter_filter_dialog_box.htm
patients\form_descriptions\find_patient_form.htm
patients\form_descriptions\find_patient_form_items\contact_information_box.htm
patients\form_descriptions\find_patient_form_items\create_req_button.htm
patients\form_descriptions\find_patient_form_items\date_of_birth_box.htm
patients\form_descriptions\find_patient_form_items\date_of_birth_column.htm
patients\form_descriptions\find_patient_form_items\delete_non-hpf_patient_button.htm
patients\form_descriptions\find_patient_form_items\document_tree.htm
patients\form_descriptions\find_patient_form_items\enc_acct_box.htm
patients\form_descriptions\find_patient_form_items\epn_box.htm
patients\form_descriptions\find_patient_form_items\epn_column.htm
patients\form_descriptions\find_patient_form_items\facility_box.htm
patients\form_descriptions\find_patient_form_items\facility_column.htm
patients\form_descriptions\find_patient_form_items\find_patient_button.htm
patients\form_descriptions\find_patient_form_items\first_name_box.htm
patients\form_descriptions\find_patient_form_items\gender_box.htm
patients\form_descriptions\find_patient_form_items\last_name_box.htm
patients\form_descriptions\find_patient_form_items\locked_column.htm
patients\form_descriptions\find_patient_form_items\main_address_box.htm
patients\form_descriptions\find_patient_form_items\mrn_box.htm
patients\form_descriptions\find_patient_form_items\mrn_column.htm
patients\form_descriptions\find_patient_form_items\new_patient_button.htm
patients\form_descriptions\find_patient_form_items\patient_name_column.htm
patients\form_descriptions\find_patient_form_items\patient_requesting_button.htm
patients\form_descriptions\find_patient_form_items\reset_button.htm
patients\form_descriptions\find_patient_form_items\revert_cancel_button.htm
patients\form_descriptions\find_patient_form_items\save_button.htm
patients\form_descriptions\find_patient_form_items\ssn_box.htm
patients\form_descriptions\find_patient_form_items\ssn_column.htm
patients\form_descriptions\find_patient_form_items\view_edit_patient_button.htm
patients\form_descriptions\find_patient_form_items\vip_column.htm
patients\form_descriptions\find_patient_form_items\vip_status_checkbox.htm
patients\form_descriptions\pat_request_history_form.htm
patients\form_descriptions\patient_information_form.htm
patients\form_descriptions\patient_information_form_items\cancel_button.htm
patients\form_descriptions\patient_information_form_items\create_request_button.htm
patients\form_descriptions\patient_information_form_items\date_of_birth_box.htm
patients\form_descriptions\patient_information_form_items\epn_box.htm
patients\form_descriptions\patient_information_form_items\facility_box.htm
patients\form_descriptions\patient_information_form_items\mrn_box.htm
patients\form_descriptions\patient_information_form_items\revert_button.htm
patients\form_descriptions\patient_information_form_items\ssn_box.htm
patients\form_descriptions\patient_records_form.htm
patients\form_descriptions\patient_records_form_items\create_request_button.htm
patients\form_descriptions\patient_records_form_items\date_of_birth_box.htm
patients\form_descriptions\patient_records_form_items\edit_document_button.htm
patients\form_descriptions\patient_records_form_items\enc_acct_box.htm
patients\form_descriptions\patient_records_form_items\enc_details_button.htm
patients\form_descriptions\patient_records_form_items\epn_box.htm
patients\form_descriptions\patient_records_form_items\expand_collapse_buttons.htm
patients\form_descriptions\patient_records_form_items\facility_box.htm
patients\form_descriptions\patient_records_form_items\filter_by_encounter_flag.htm
patients\form_descriptions\patient_records_form_items\find_patient_button.htm
patients\form_descriptions\patient_records_form_items\first_name_box.htm
patients\form_descriptions\patient_records_form_items\last_name_box.htm
patients\form_descriptions\patient_records_form_items\mrn_box.htm
patients\form_descriptions\patient_records_form_items\new_document_button.htm
patients\form_descriptions\patient_records_form_items\new_patient_button.htm
patients\form_descriptions\patient_records_form_items\only_disclosure_docs_option.htm
patients\form_descriptions\patient_records_form_items\patient_information_box.htm
patients\form_descriptions\patient_records_form_items\record_view_box.htm
patients\form_descriptions\patient_records_form_items\reset_button.htm
patients\form_descriptions\patient_records_form_items\revert_button.htm
patients\form_descriptions\patient_records_form_items\save_button.htm
patients\form_descriptions\patient_records_form_items\set_update_button.htm
patients\form_descriptions\patient_records_form_items\show_versions_option.htm
patients\form_descriptions\patient_records_form_items\sort_by_options.htm
patients\form_descriptions\patient_records_form_items\view_all_button.htm
patients\form_descriptions\patient_records_form_items\view_selected_button.htm
patients\form_descriptions\request_history_form_items\create_request_button.htm
patients\form_descriptions\request_history_form_items\requests_grid.htm
patients\form_descriptions\request_history_form_items\view_edit_request_button.htm
patients\user_instructions\create_a_non-hpf_patient.htm
patients\user_instructions\find_a_patient.htm
patients\user_instructions\maintain_nonhpf_doc_info.htm
patients\user_instructions\maintain_nonhpf_patient_info.htm
patients\user_instructions\view_deficiencies.htm
patients\user_instructions\view_encounter_details.htm
patients\user_instructions\view_req_history_by_patient.htm
popup_topics\document_tree_icons.htm
popup_topics\print_dialog_box.htm
popup_topics\requestor-to-patient_match_criteria.htm
popup_topics\to_find_and_open_a_request.htm
popup_topics\to_search_for_a_patient.htm
popup_topics\to_search_for_a_requestor.htm
reports\about_generating_reports.htm
reports\dialog_box\find_patient_dialog_box.htm
reports\dialog_box\find_patient_items\date_of_birth.htm
reports\dialog_box\find_patient_items\enc_acct.htm
reports\dialog_box\find_patient_items\facility.htm
reports\dialog_box\find_patient_items\find_patient.htm
reports\dialog_box\find_patient_items\first_name.htm
reports\dialog_box\find_patient_items\last_name.htm
reports\dialog_box\find_patient_items\mrn.htm
reports\dialog_box\find_patient_items\ok.htm
reports\dialog_box\find_patient_items\patient_information_grid.htm
reports\dialog_box\find_patient_items\reset.htm
reports\dialog_box\find_patient_items\ssn.htm
reports\form_descrip\_shared_report_items\date_range.htm
reports\form_descrip\_shared_report_items\export.htm
reports\form_descrip\_shared_report_items\facility.htm
reports\form_descrip\_shared_report_items\print.htm
reports\form_descrip\_shared_report_items\print_preview.htm
reports\form_descrip\_shared_report_items\request_status.htm
reports\form_descrip\_shared_report_items\requestor_type.htm
reports\form_descrip\_shared_report_items\reset.htm
reports\form_descrip\_shared_report_items\roi_-_report.htm
reports\form_descrip\_shared_report_items\run_report.htm
reports\form_descrip\_shared_report_items\view_by.htm
reports\form_descrip\account_receivable_aging_form.htm
reports\form_descrip\accounting_of_disclosure_form.htm
reports\form_descrip\accounting_of_disclosure_report_items\patient_information.htm
reports\form_descrip\accounting_of_disclosure_report_items\request_type.htm
reports\form_descrip\accounting_of_disclosure_report_items\select_a_patient.htm
reports\form_descrip\documents_released_by_mrn_form.htm
reports\form_descrip\documents_released_by_mrn_report_items\mrn.htm
reports\form_descrip\outstanding_invoice_balances_form.htm
reports\form_descrip\pending_aging_summary_form.htm
reports\form_descrip\posted_payment_summary_form.htm
reports\form_descrip\processed_request_summary_form.htm
reports\form_descrip\request_detail_form.htm
reports\form_descrip\request_status_summary_form.htm
reports\form_descrip\requests_with_logged_status_form.htm
reports\form_descrip\turn_around_times_form.htm
reports\form_descrip\turn_around_times_report_items\status_to_status.htm
reports\form_descrip\turn_around_times_report_items\user_name_and_id.htm
reports\user_instruc\generate_account_receivable_aging_rpt.htm
reports\user_instruc\generate_accounting_of_disclosure_rpt.htm
reports\user_instruc\generate_documents_released_by_mrn_rpt.htm
reports\user_instruc\generate_outstanding_invoice_balances_rpt.htm
reports\user_instruc\generate_pending_aging_summary_rpt.htm
reports\user_instruc\generate_posted_payment_summary_rpt.htm
reports\user_instruc\generate_processed_request_summary_rpt.htm
reports\user_instruc\generate_request_detail_rpt.htm
reports\user_instruc\generate_request_status_summary_rpt.htm
reports\user_instruc\generate_requests_with_logged_status_rpt.htm
reports\user_instruc\generate_turn_around_times_rpt.htm
reports\user_instruc\print_or_export_reports.htm
requestors\about_requestors.htm
requestors\dialog_box_descriptions\save_new_patient_requestor_dbox_items\save_new_requestor_button.htm
requestors\dialog_box_descriptions\save_new_patient_requestor_dialog_box.htm
requestors\form_descriptions\find_requestor_form.htm
requestors\form_descriptions\find_requestor_form_items\create_req_button_on_find_reqstr_form.htm
requestors\form_descriptions\find_requestor_form_items\filter_by_options.htm
requestors\form_descriptions\find_requestor_form_items\find_requestor_button.htm
requestors\form_descriptions\find_requestor_form_items\new_requestor_button.htm
requestors\form_descriptions\find_requestor_form_items\patient_dob_box.htm
requestors\form_descriptions\find_requestor_form_items\patient_epn_box.htm
requestors\form_descriptions\find_requestor_form_items\patient_facility_box.htm
requestors\form_descriptions\find_requestor_form_items\patient_first_name_box.htm
requestors\form_descriptions\find_requestor_form_items\patient_last_name_box.htm
requestors\form_descriptions\find_requestor_form_items\patient_mrn_box.htm
requestors\form_descriptions\find_requestor_form_items\patient_ssn_box.htm
requestors\form_descriptions\find_requestor_form_items\requestor_grid.htm
requestors\form_descriptions\find_requestor_form_items\requestor_name_box.htm
requestors\form_descriptions\find_requestor_form_items\requestor_type_box.htm
requestors\form_descriptions\find_requestor_form_items\reset_button.htm
requestors\form_descriptions\find_requestor_form_items\status_box.htm
requestors\form_descriptions\find_requestor_form_items\view_edit_requestor_button.htm
requestors\form_descriptions\request_hist_form_items\create_req_button_on_req_hist_form.htm
requestors\form_descriptions\request_hist_form_items\requests_grid.htm
requestors\form_descriptions\request_hist_form_items\view_edit_request_button.htm
requestors\form_descriptions\requestor_info_form_items\alternate_address_box.htm
requestors\form_descriptions\requestor_info_form_items\certification_letter_required_flag.htm
requestors\form_descriptions\requestor_info_form_items\contact_information_box.htm
requestors\form_descriptions\requestor_info_form_items\create_req_button_on_reqstrinfo_form.htm
requestors\form_descriptions\requestor_info_form_items\delete_requestor_button.htm
requestors\form_descriptions\requestor_info_form_items\inactive_flag.htm
requestors\form_descriptions\requestor_info_form_items\main_address_box.htm
requestors\form_descriptions\requestor_info_form_items\name_box.htm
requestors\form_descriptions\requestor_info_form_items\patient_dob_box.htm
requestors\form_descriptions\requestor_info_form_items\patient_epn_box.htm
requestors\form_descriptions\requestor_info_form_items\patient_facility_box.htm
requestors\form_descriptions\requestor_info_form_items\patient_mrn_box.htm
requestors\form_descriptions\requestor_info_form_items\patient_ssn_box.htm
requestors\form_descriptions\requestor_info_form_items\pre-payment_required_flag.htm
requestors\form_descriptions\requestor_info_form_items\revert_cancel_button.htm
requestors\form_descriptions\requestor_info_form_items\save_button.htm
requestors\form_descriptions\requestor_info_form_items\type_box.htm
requestors\form_descriptions\requestor_information_form.htm
requestors\form_descriptions\requestors_request_history_form.htm
requestors\user_instructions\create_a_requestor.htm
requestors\user_instructions\find_a_requestor.htm
requestors\user_instructions\maintain_requestor_records.htm
requestors\user_instructions\view_req_history_by_requestor.htm
requests\about_billing_and_shipping.htm
requests\about_letters_invoices_prebills.htm
requests\about_output_jobs_and_queues.htm
requests\about_printing,_faxing,_or_saving_documents.htm
requests\about_requests.htm
requests\dialog_box_descriptions\add_patient_dialog_box\add_patient_&_close_button.htm
requests\dialog_box_descriptions\add_patient_dialog_box\add_patient_&_continue_button.htm
requests\dialog_box_descriptions\add_patient_dialog_box\cancel_button.htm
requests\dialog_box_descriptions\add_patient_dialog_box.htm
requests\dialog_box_descriptions\change_requestor_dialog_box\cancel_button.htm
requests\dialog_box_descriptions\change_requestor_dialog_box\select_requestor_for_request_button.htm
requests\dialog_box_descriptions\change_requestor_dialog_box.htm
requests\dialog_box_descriptions\create_new_req_pat_requestor\cancel_button.htm
requests\dialog_box_descriptions\create_new_req_pat_requestor\continue_with_no_patient_button.htm
requests\dialog_box_descriptions\create_new_req_pat_requestor\continue_with_selected_patient(s)_button.htm
requests\dialog_box_descriptions\create_new_req_pat_requestor\patients_grid.htm
requests\dialog_box_descriptions\create_new_request_with_patient_requestor_dialog_box.htm
requests\dialog_box_descriptions\fax_dialog_box.htm
requests\dialog_box_descriptions\invoice_dialog_box\cancel_button.htm
requests\dialog_box_descriptions\invoice_dialog_box\continue_button.htm
requests\dialog_box_descriptions\invoice_dialog_box\notes_grid_and_create_freeform_note_button.htm
requests\dialog_box_descriptions\invoice_dialog_box\template_box.htm
requests\dialog_box_descriptions\invoice_dialog_box.htm
requests\dialog_box_descriptions\modify_billing_tier_dialog_box\cancel_button.htm
requests\dialog_box_descriptions\modify_billing_tier_dialog_box\modify_billing_tier_box.htm
requests\dialog_box_descriptions\modify_billing_tier_dialog_box\save_button.htm
requests\dialog_box_descriptions\modify_billing_tier_dialog_box.htm
requests\dialog_box_descriptions\monitor_jobs_dialog_box\buttons_related_to_jobs.htm
requests\dialog_box_descriptions\monitor_jobs_dialog_box\close_button.htm
requests\dialog_box_descriptions\monitor_jobs_dialog_box\jobs_grid.htm
requests\dialog_box_descriptions\monitor_jobs_dialog_box\queue_box.htm
requests\dialog_box_descriptions\monitor_jobs_dialog_box\queues_grid.htm
requests\dialog_box_descriptions\monitor_jobs_dialog_box\select_a_user_dialog_box.htm
requests\dialog_box_descriptions\monitor_jobs_dialog_box\select_user_button.htm
requests\dialog_box_descriptions\monitor_jobs_dialog_box\status_options.htm
requests\dialog_box_descriptions\monitor_jobs_dialog_box\type_box.htm
requests\dialog_box_descriptions\monitor_jobs_dialog_box\type_options.htm
requests\dialog_box_descriptions\monitor_jobs_dialog_box\user_box.htm
requests\dialog_box_descriptions\monitor_jobs_dialog_box.htm
requests\dialog_box_descriptions\output_dialog_boxes\add_to_release_document_group_box.htm
requests\dialog_box_descriptions\output_dialog_boxes\cancel_button.htm
requests\dialog_box_descriptions\output_dialog_boxes\copies_group_box.htm
requests\dialog_box_descriptions\output_dialog_boxes\fax_group_box.htm
requests\dialog_box_descriptions\output_dialog_boxes\ok_button.htm
requests\dialog_box_descriptions\output_dialog_boxes\pdf_group_box.htm
requests\dialog_box_descriptions\output_dialog_boxes\printer_group_box.htm
requests\dialog_box_descriptions\pre-bill_dialog_box\copy_of_cancel_button.htm
requests\dialog_box_descriptions\pre-bill_dialog_box\copy_of_continue_button.htm
requests\dialog_box_descriptions\pre-bill_dialog_box\copy_of_notes_grid_and_create_freeform_note_button.htm
requests\dialog_box_descriptions\pre-bill_dialog_box\copy_of_template_box.htm
requests\dialog_box_descriptions\pre-bill_dialog_box.htm
requests\dialog_box_descriptions\preview_dialog_boxes\cancel_button.htm
requests\dialog_box_descriptions\preview_dialog_boxes\continue_button.htm
requests\dialog_box_descriptions\preview_dialog_boxes\page_controls.htm
requests\dialog_box_descriptions\preview_dialog_boxes\print,_fax,_and_save_as_file_buttons.htm
requests\dialog_box_descriptions\preview_of_cover_letter_dialog_box.htm
requests\dialog_box_descriptions\preview_of_invoice_dialog_box.htm
requests\dialog_box_descriptions\preview_of_other.htm
requests\dialog_box_descriptions\preview_of_pre-bill.htm
requests\dialog_box_descriptions\preview_of_release_letters_dialog_box.htm
requests\dialog_box_descriptions\print_dialog_box.htm
requests\dialog_box_descriptions\release_dialog_box\cancel_button.htm
requests\dialog_box_descriptions\release_dialog_box\continue_button.htm
requests\dialog_box_descriptions\release_dialog_box\cover_letter_group_box.htm
requests\dialog_box_descriptions\release_dialog_box\invoice_group_box.htm
requests\dialog_box_descriptions\release_dialog_box\update_status_option.htm
requests\dialog_box_descriptions\release_dialog_box.htm
requests\dialog_box_descriptions\save_as_file_dialog_box.htm
requests\dialog_box_descriptions\save_new_patient_requestor_dialog_box\cancel_button.htm
requests\dialog_box_descriptions\save_new_patient_requestor_dialog_box\save_new_requestor_button.htm
requests\dialog_box_descriptions\save_new_patient_requestor_dialog_box.htm
requests\dialog_box_descriptions\select_patient_dialog_box\cancel_button.htm
requests\dialog_box_descriptions\select_patient_dialog_box\continue_with_no_patient_button.htm
requests\dialog_box_descriptions\select_patient_dialog_box\continue_with_selected_patient(s)_button.htm
requests\dialog_box_descriptions\select_patient_dialog_box\patients_grid.htm
requests\dialog_box_descriptions\select_patient_dialog_box.htm
requests\dialog_box_descriptions\select_requestor_dialog_box\cancel_button.htm
requests\dialog_box_descriptions\select_requestor_dialog_box\select_requestor_for_request_button.htm
requests\dialog_box_descriptions\select_requestor_dialog_box.htm
requests\dialog_box_descriptions\update_request_status_dialog_box\cancel_button.htm
requests\dialog_box_descriptions\update_request_status_dialog_box\reasons_for_selected_status_group_box.htm
requests\dialog_box_descriptions\update_request_status_dialog_box\save_button.htm
requests\dialog_box_descriptions\update_request_status_dialog_box\status_box.htm
requests\dialog_box_descriptions\update_request_status_dialog_box.htm
requests\dialog_box_descriptions\view___edit_patient_s_profile_dialog_box.htm
requests\dialog_box_descriptions\view_edit_patient_profile_dialog_box\close_button.htm
requests\dialog_box_descriptions\view_edit_requestor_s_profile_dialog_box.htm
requests\dialog_box_descriptions\view_edit_requestors_profile_dialog_box\close_button.htm
requests\dialog_box_descriptions\view_edit_requestors_profile_dialog_box\revert_button.htm
requests\dialog_box_descriptions\view_edit_requestors_profile_dialog_box\save_button.htm
requests\form_descriptions\billing_&_payment_form.htm
requests\form_descriptions\billing_&_payment_form_items\adj_pay_grid.htm
requests\form_descriptions\billing_&_payment_form_items\adjustment_group_box.htm
requests\form_descriptions\billing_&_payment_form_items\adjustments_&_payments_group_box.htm
requests\form_descriptions\billing_&_payment_form_items\document_charges_group_box.htm
requests\form_descriptions\billing_&_payment_form_items\fee_charges_group_box.htm
requests\form_descriptions\billing_&_payment_form_items\go_to_url.htm
requests\form_descriptions\billing_&_payment_form_items\invoice_button.htm
requests\form_descriptions\billing_&_payment_form_items\output_method_options.htm
requests\form_descriptions\billing_&_payment_form_items\payment_group_box.htm
requests\form_descriptions\billing_&_payment_form_items\populate_shipping_address_with_requestor_s_options.htm
requests\form_descriptions\billing_&_payment_form_items\pre-bill_button.htm
requests\form_descriptions\billing_&_payment_form_items\re-release_button.htm
requests\form_descriptions\billing_&_payment_form_items\release_button.htm
requests\form_descriptions\billing_&_payment_form_items\requestor_information_box.htm
requests\form_descriptions\billing_&_payment_form_items\reset_address_button.htm
requests\form_descriptions\billing_&_payment_form_items\revert_button.htm
requests\form_descriptions\billing_&_payment_form_items\save_button.htm
requests\form_descriptions\billing_&_payment_form_items\shipping_charges_box.htm
requests\form_descriptions\billing_&_payment_form_items\shipping_method_box.htm
requests\form_descriptions\billing_&_payment_form_items\shipping_weight.htm
requests\form_descriptions\billing_&_payment_form_items\totals_&_balance_due_group_box.htm
requests\form_descriptions\billing_&_payment_form_items\tracking_number_box.htm
requests\form_descriptions\billing_&_payment_form_items\will_the_release_be_shipped_options.htm
requests\form_descriptions\comments_form.htm
requests\form_descriptions\comments_form_items\author_box.htm
requests\form_descriptions\comments_form_items\cancel_button.htm
requests\form_descriptions\comments_form_items\comments_grid.htm
requests\form_descriptions\comments_form_items\date_box.htm
requests\form_descriptions\comments_form_items\enter_new_comment_box.htm
requests\form_descriptions\comments_form_items\save_comment_button.htm
requests\form_descriptions\event_history_form.htm
requests\form_descriptions\event_history_form_items\date_box.htm
requests\form_descriptions\event_history_form_items\event_box.htm
requests\form_descriptions\event_history_form_items\events_grid.htm
requests\form_descriptions\event_history_form_items\originator_box.htm
requests\form_descriptions\find_create_request_form.htm
requests\form_descriptions\find_create_request_form_items\balance_due_box.htm
requests\form_descriptions\find_create_request_form_items\completed_date_box.htm
requests\form_descriptions\find_create_request_form_items\enc_acct_box.htm
requests\form_descriptions\find_create_request_form_items\epn_box.htm
requests\form_descriptions\find_create_request_form_items\facility_box.htm
requests\form_descriptions\find_create_request_form_items\find_request_button.htm
requests\form_descriptions\find_create_request_form_items\invoice_number_box.htm
requests\form_descriptions\find_create_request_form_items\mrn_box.htm
requests\form_descriptions\find_create_request_form_items\new_request_button.htm
requests\form_descriptions\find_create_request_form_items\open___view_request_button.htm
requests\form_descriptions\find_create_request_form_items\patient_dob_box.htm
requests\form_descriptions\find_create_request_form_items\patient_first_name_box.htm
requests\form_descriptions\find_create_request_form_items\patient_last_name_box.htm
requests\form_descriptions\find_create_request_form_items\patient_ssn_box.htm
requests\form_descriptions\find_create_request_form_items\receipt_date_box.htm
requests\form_descriptions\find_create_request_form_items\request_id_box.htm
requests\form_descriptions\find_create_request_form_items\request_reason_box.htm
requests\form_descriptions\find_create_request_form_items\request_status_box.htm
requests\form_descriptions\find_create_request_form_items\requestor_name_box.htm
requests\form_descriptions\find_create_request_form_items\requestor_type_box.htm
requests\form_descriptions\find_create_request_form_items\requests_grid.htm
requests\form_descriptions\find_create_request_form_items\reset_button.htm
requests\form_descriptions\invoice_history_form.htm
requests\form_descriptions\invoice_history_form_items\invoice_grid.htm
requests\form_descriptions\invoice_history_form_items\view_button.htm
requests\form_descriptions\letters_form.htm
requests\form_descriptions\letters_form_items\cancel_button.htm
requests\form_descriptions\letters_form_items\create_freeform_note_button.htm
requests\form_descriptions\letters_form_items\create_letter_button.htm
requests\form_descriptions\letters_form_items\letter_template_box.htm
requests\form_descriptions\letters_form_items\letter_type_options.htm
requests\form_descriptions\letters_form_items\notes_grid.htm
requests\form_descriptions\patient_information_form.htm
requests\form_descriptions\patient_information_form_items\add___button.htm
requests\form_descriptions\patient_information_form_items\add_all____button.htm
requests\form_descriptions\patient_information_form_items\add_another_patient_button.htm
requests\form_descriptions\patient_information_form_items\add_patient_button.htm
requests\form_descriptions\patient_information_form_items\cancel_button.htm
requests\form_descriptions\patient_information_form_items\document_tree_view.htm
requests\form_descriptions\patient_information_form_items\edit_doc_button.htm
requests\form_descriptions\patient_information_form_items\enc_details_button.htm
requests\form_descriptions\patient_information_form_items\filter_by_options.htm
requests\form_descriptions\patient_information_form_items\modify_billing_tier_button.htm
requests\form_descriptions\patient_information_form_items\new_doc_button.htm
requests\form_descriptions\patient_information_form_items\only_disclosure_docs_option.htm
requests\form_descriptions\patient_information_form_items\patient(s)_on_this_request_box.htm
requests\form_descriptions\patient_information_form_items\patient_information_fields.htm
requests\form_descriptions\patient_information_form_items\record_view_box.htm
requests\form_descriptions\patient_information_form_items\release_documents_tree_view.htm
requests\form_descriptions\patient_information_form_items\remove_all_button.htm
requests\form_descriptions\patient_information_form_items\remove_button.htm
requests\form_descriptions\patient_information_form_items\remove_selected_patient_button.htm
requests\form_descriptions\patient_information_form_items\resend_button.htm
requests\form_descriptions\patient_information_form_items\revert_button.htm
requests\form_descriptions\patient_information_form_items\save_&_bill_button.htm
requests\form_descriptions\patient_information_form_items\save_button.htm
requests\form_descriptions\patient_information_form_items\show_versions_option.htm
requests\form_descriptions\patient_information_form_items\sort_by_options.htm
requests\form_descriptions\patient_information_form_items\view___edit_patient_profile_button.htm
requests\form_descriptions\patient_information_form_items\view_all_button.htm
requests\form_descriptions\patient_information_form_items\view_authorization_request_button.htm
requests\form_descriptions\patient_information_form_items\view_selected_button.htm
requests\form_descriptions\release_history_form.htm
requests\form_descriptions\release_history_form_items\additional_filters_group_box.htm
requests\form_descriptions\release_history_form_items\patients_on_release_group_box.htm
requests\form_descriptions\release_history_form_items\release_history_grid.htm
requests\form_descriptions\request_information_form.htm
requests\form_descriptions\request_information_form_items\cancel_button.htm
requests\form_descriptions\request_information_form_items\change_requestor_button.htm
requests\form_descriptions\request_information_form_items\date_created.htm
requests\form_descriptions\request_information_form_items\delete_request_button.htm
requests\form_descriptions\request_information_form_items\last_updated.htm
requests\form_descriptions\request_information_form_items\receipt_date_box.htm
requests\form_descriptions\request_information_form_items\request_id.htm
requests\form_descriptions\request_information_form_items\request_reason_box.htm
requests\form_descriptions\request_information_form_items\request_status_group_box.htm
requests\form_descriptions\request_information_form_items\requestor_group_box.htm
requests\form_descriptions\request_information_form_items\revert_button.htm
requests\form_descriptions\request_information_form_items\save_or_save_&_continue_button.htm
requests\form_descriptions\request_information_form_items\updated_by.htm
requests\form_descriptions\request_information_form_items\view_authorization_button.htm
requests\user_instructions\add_a_patient_to_a_request.htm
requests\user_instructions\add_documents_to_a_request.htm
requests\user_instructions\add_or_edit_non-hpf_doc_info.htm
requests\user_instructions\cancel,_pend,_or_deny_a_request.htm
requests\user_instructions\complete_a_request.htm
requests\user_instructions\create_a_req_for_non-pat_requestor.htm
requests\user_instructions\create_a_req_from_requestor_tab.htm
requests\user_instructions\create_a_req_with_pat_requesting.htm
requests\user_instructions\create_a_request.htm
requests\user_instructions\create_a_request_from_the_patients_tab.htm
requests\user_instructions\create_a_request_from_the_requests_tab.htm
requests\user_instructions\create_an_invoice.htm
requests\user_instructions\delete_a_request.htm
requests\user_instructions\enter_billing_information.htm
requests\user_instructions\enter_shipping_information.htm
requests\user_instructions\find_a_request.htm
requests\user_instructions\generate_a_letter.htm
requests\user_instructions\maintain_comments.htm
requests\user_instructions\manage_output_queues.htm
requests\user_instructions\monitor_output_jobs.htm
requests\user_instructions\override_a_billing_tier.htm
requests\user_instructions\post_payments_or_adjustments_to_a_request.htm
requests\user_instructions\pre-bill_a_request.htm
requests\user_instructions\print_fax_or_save_as_a_file.htm
requests\user_instructions\process_an_auth-received_request.htm
requests\user_instructions\re-release_documents.htm
requests\user_instructions\release_documents.htm
requests\user_instructions\resend_documents.htm
requests\user_instructions\select_or_change_a_requestor.htm
requests\user_instructions\view_documents.htm
requests\user_instructions\view_event_history.htm
requests\user_instructions\view_prebill_and_invoice_history.htm
requests\user_instructions\view_release_history.htm
mckesson_firefox.css
robohhre.lng
title_page.glo
~$roihelp.brs
mckesson.css
images\administration\icon_delete_page_tier.png
images\common_graphics\icon_in_use.gif
images\common_graphics\icon_locked_patient.png
images\common_graphics\wnd_layout.png
images\requests\frame_billing&payment_reqstrinfobox.png
images\administration\icon_user_white.png
images\administration\icon_system_blue.png
images\common_graphics\icon_locked.gif
images\common_graphics\icon_delete.png
images\security\icon_exit.gif
images\common_graphics\icon_deficiency.png
images\common_graphics\icon_locked_docs.png
images\common_graphics\icon_vip.gif
images\requests\dbox_monitor_jobx_select_user.png
images\administration\icon_system_white.png
images\common_graphics\icon_printer.png
images\common_graphics\icon_delete_x.png
ehlpdhtm.js
title_page.htm
title_page.ppf
mckesson_ns.css
whxdata\whtdata0.xml
whxdata\whtdata1.xml
whxdata\whtdata2.xml
whxdata\whidata0.xml
whxdata\whidata1.xml
whxdata\whidata2.xml
whxdata\whidata3.xml
whxdata\whidata4.xml
whxdata\whidata5.xml
whxdata\whidata6.xml
whxdata\whidata7.xml
whxdata\whidata8.xml
whxdata\whidata9.xml
whxdata\whidata10.xml
whxdata\whidata11.xml
whxdata\whidata12.xml
whxdata\whidata13.xml
whxdata\whidata14.xml
whxdata\whidata15.xml
whxdata\whidata16.xml
whxdata\whidata17.xml
whxdata\whidata18.xml
whxdata\whidata19.xml
whxdata\whidata20.xml
whxdata\whidata21.xml
whxdata\whidata22.xml
whxdata\whidata23.xml
whxdata\whidata24.xml
whxdata\whidata25.xml
whxdata\whidata26.xml
whxdata\whidata27.xml
whxdata\whidata28.xml
whxdata\whidata29.xml
whxdata\whidata30.xml
whxdata\whidata31.xml
whxdata\whidata32.xml
whxdata\whidata33.xml
whxdata\whidata34.xml
whxdata\whidata35.xml
whxdata\whidata36.xml
whxdata\whidata37.xml
whxdata\whidata38.xml
whxdata\whidata39.xml
whxdata\whidata40.xml
whxdata\whidata41.xml
whxdata\whidata42.xml
whxdata\whidata43.xml
whxdata\whidata44.xml
whxdata\whidata45.xml
whxdata\whidata46.xml
whxdata\whidata47.xml
whxdata\whidata48.xml
whxdata\whidata49.xml
whxdata\whidata50.xml
whxdata\whidata51.xml
whxdata\whidata52.xml
whxdata\whidata53.xml
whxdata\whidata54.xml
whxdata\whidata55.xml
whxdata\whidata56.xml
whxdata\whidata57.xml
whxdata\whidata58.xml
whxdata\whftdata0.xml
whxdata\whftdata1.xml
whxdata\whftdata2.xml
whxdata\whftdata3.xml
whxdata\whftdata4.xml
whxdata\whftdata5.xml
whxdata\whftdata6.xml
whxdata\whftdata7.xml
whxdata\whfwdata0.xml
whxdata\whfwdata1.xml
whxdata\whfwdata2.xml
whxdata\whfwdata3.xml
whxdata\whfwdata4.xml
whxdata\whfwdata5.xml
whxdata\whfwdata6.xml
whxdata\whfwdata7.xml
whxdata\whfwdata8.xml
whxdata\whfwdata9.xml
whxdata\whfwdata10.xml
whxdata\whfwdata11.xml
whxdata\whfwdata12.xml
whdata\whtdata0.htm
whdata\whtdata1.htm
whdata\whtdata2.htm
whdata\whidata0.htm
whdata\whidata1.htm
whdata\whidata2.htm
whdata\whidata3.htm
whdata\whidata4.htm
whdata\whidata5.htm
whdata\whidata6.htm
whdata\whidata7.htm
whdata\whidata8.htm
whdata\whidata9.htm
whdata\whidata10.htm
whdata\whidata11.htm
whdata\whidata12.htm
whdata\whidata13.htm
whdata\whidata14.htm
whdata\whidata15.htm
whdata\whidata16.htm
whdata\whidata17.htm
whdata\whidata18.htm
whdata\whidata19.htm
whdata\whidata20.htm
whdata\whidata21.htm
whdata\whidata22.htm
whdata\whidata23.htm
whdata\whidata24.htm
whdata\whidata25.htm
whdata\whidata26.htm
whdata\whidata27.htm
whdata\whidata28.htm
whdata\whidata29.htm
whdata\whidata30.htm
whdata\whidata31.htm
whdata\whidata32.htm
whdata\whidata33.htm
whdata\whidata34.htm
whdata\whidata35.htm
whdata\whidata36.htm
whdata\whidata37.htm
whdata\whidata38.htm
whdata\whidata39.htm
whdata\whidata40.htm
whdata\whidata41.htm
whdata\whidata42.htm
whdata\whidata43.htm
whdata\whidata44.htm
whdata\whidata45.htm
whdata\whidata46.htm
whdata\whidata47.htm
whdata\whidata48.htm
whdata\whidata49.htm
whdata\whidata50.htm
whdata\whidata51.htm
whdata\whidata52.htm
whdata\whidata53.htm
whdata\whidata54.htm
whdata\whidata55.htm
whdata\whidata56.htm
whdata\whidata57.htm
whdata\whidata58.htm
whdata\whftdata0.htm
whdata\whftdata1.htm
whdata\whftdata2.htm
whdata\whftdata3.htm
whdata\whftdata4.htm
whdata\whftdata5.htm
whdata\whftdata6.htm
whdata\whftdata7.htm
whdata\whfwdata0.htm
whdata\whfwdata1.htm
whdata\whfwdata2.htm
whdata\whfwdata3.htm
whdata\whfwdata4.htm
whdata\whfwdata5.htm
whdata\whfwdata6.htm
whdata\whfwdata7.htm
whdata\whfwdata8.htm
whdata\whfwdata9.htm
whdata\whfwdata10.htm
whdata\whfwdata11.htm
whdata\whfwdata12.htm
whgdata\whlstt0.htm
whgdata\whlstt1.htm
whgdata\whlstt2.htm
whgdata\whlstt3.htm
whgdata\whlstt4.htm
whgdata\whlstt5.htm
whgdata\whlstt6.htm
whgdata\whlstt7.htm
whgdata\whlstt8.htm
whgdata\whlstt9.htm
whgdata\whlstt10.htm
whgdata\whlstt11.htm
whgdata\whlstt12.htm
whgdata\whlstt13.htm
whgdata\whlstt14.htm
whgdata\whlstt15.htm
whgdata\whlstt16.htm
whgdata\whlstt17.htm
whgdata\whlstt18.htm
whgdata\whlstt19.htm
whgdata\whlstt20.htm
whgdata\whlstt21.htm
whgdata\whlstt22.htm
whgdata\whlstt23.htm
whgdata\whlstt24.htm
whgdata\whlstt25.htm
whgdata\whlstt26.htm
whgdata\whlstt27.htm
whgdata\whlstt28.htm
whgdata\whlstt29.htm
whgdata\whlstt30.htm
whgdata\whlstt31.htm
whgdata\whlstt32.htm
whgdata\whlstt33.htm
whgdata\whlsti0.htm
whgdata\whlsti1.htm
whgdata\whlsti2.htm
whgdata\whlsti3.htm
whgdata\whlsti4.htm
whgdata\whlsti5.htm
whgdata\whlsti6.htm
whgdata\whlsti7.htm
whgdata\whlsti8.htm
whgdata\whlsti9.htm
whgdata\whlsti10.htm
whgdata\whlsti11.htm
whgdata\whlsti12.htm
whgdata\whlsti13.htm
whgdata\whlstfl0.htm
whgdata\whlstfl1.htm
whgdata\whlstfl2.htm
whgdata\whlstfl3.htm
whgdata\whlstfl4.htm
whgdata\whlstfl5.htm
whgdata\whlstfl6.htm
whgdata\whlstfl7.htm
whgdata\whlstfl8.htm
whgdata\whlstfl9.htm
whgdata\whlstfl10.htm
whgdata\whlstfl11.htm
whgdata\whlstfl12.htm
whgdata\whlstfl13.htm
whgdata\whlstfl14.htm
whgdata\whlstfl15.htm
whgdata\whlstfl16.htm
whgdata\whlstfl17.htm
whgdata\whlstfl18.htm
whgdata\whlstfl19.htm
whgdata\whlstfl20.htm
whgdata\whlstfl21.htm
whgdata\whlstfl22.htm
whgdata\whlstfl23.htm
whgdata\whlstfl24.htm
whgdata\whlstfl25.htm
whgdata\whlstf0.htm
whgdata\whlstf1.htm
whgdata\whlstf2.htm
whgdata\whlstf3.htm
whgdata\whlstf4.htm
whgdata\whlstf5.htm
whgdata\whlstf6.htm
whgdata\whlstf7.htm
whgdata\whlstf8.htm
whgdata\whlstf9.htm
whgdata\whlstf10.htm
whgdata\whlstf11.htm
whgdata\whlstf12.htm
whgdata\whlstf13.htm
whgdata\whlstf14.htm
whgdata\whlstf15.htm
whgdata\whlstf16.htm
whgdata\whlstf17.htm
whgdata\whlstf18.htm
whgdata\whlstf19.htm
whgdata\whlstf20.htm
whgdata\whlstf21.htm
whgdata\whlstf22.htm
whgdata\whlstf23.htm
whgdata\whlstf24.htm
whgdata\whlstf25.htm
whgdata\whlstf26.htm
whgdata\whlstf27.htm
whgdata\whlstf28.htm
whgdata\whlstf29.htm
whgdata\whlstf30.htm
whgdata\whlstf31.htm
whgdata\whlstf32.htm
whgdata\whlstf33.htm
whgdata\whlstf34.htm
whgdata\whlstf35.htm
whgdata\whlstf36.htm
whgdata\whlstf37.htm
whgdata\whlstf38.htm
whgdata\whlstg0.htm
title_page_csh.htm
title_page_rhc.htm
