[INFO] Scanning for projects...
[INFO] ------------------------------------------------------------------------
[INFO] Reactor Build Order:
[INFO] 
[INFO] ROI-Parent                                                         [pom]
[INFO] McKesson Patient Folder ROI Server                                 [pom]
[INFO] McKesson Patient Folder ROI Common File                            [pom]
[INFO] McKesson Patient Folder ROI Utils                                  [jar]
[INFO] McKesson Patient Folder ROI Web Services                           [jar]
[INFO] McKesson Patient Folder ROI Audit                                  [jar]
[INFO] McKesson Patient Folder ROI File Transfer                          [jar]
[INFO] McKesson Patient Folder ROI Reports                                [jar]
[INFO] McKesson Patient Folder ROI Config                                 [jar]
[INFO] McKesson Patient Folder ROI InUse                                  [jar]
[INFO] McKesson Patient Folder ROI Core                                   [jar]
[INFO] McKesson Patient Folder ROI CCD Plugin                             [pom]
[INFO] McKesson Patient Folder ROI HPF CCD Plugin                         [jar]
[INFO] McKesson Patient Folder ROI Paragon CCD Plugin                     [jar]
[INFO] McKesson Patient Folder ROI Clinical CCD Plugin                    [jar]
[INFO] ROI core Webapp                                                    [war]
[INFO] McKesson Patient Folder ROI Alert Server                           [pom]
[INFO] McKesson Patient Folder ROI Common Alert                           [jar]
[INFO] McKesson Patient Folder ROI Common Alert Webapp                    [war]
[INFO] 
[INFO] --------------------< com.mckesson.eig:roi-parent >---------------------
[INFO] Building ROI-Parent 0.0.1                                         [1/19]
[INFO] --------------------------------[ pom ]---------------------------------
[INFO] 
[INFO] --- maven-clean-plugin:2.5:clean (default-clean) @ roi-parent ---
[INFO] 
[INFO] --- maven-install-plugin:2.4:install (default-install) @ roi-parent ---
[INFO] Installing M:\Code\DM-Classics\trunk\ROI\src\prototype-nj\src\pom.xml to M:\.m2\repository\com\mckesson\eig\roi-parent\0.0.1\roi-parent-0.0.1.pom
[INFO] 
[INFO] -----------------< com.mckesson.eig.server:roi-server >-----------------
[INFO] Building McKesson Patient Folder ROI Server 0.0.1                 [2/19]
[INFO] --------------------------------[ pom ]---------------------------------
[INFO] 
[INFO] --- maven-clean-plugin:2.5:clean (default-clean) @ roi-server ---
[INFO] 
[INFO] --- maven-install-plugin:2.4:install (default-install) @ roi-server ---
[INFO] Installing M:\Code\DM-Classics\trunk\ROI\src\prototype-nj\src\server-roi\pom.xml to M:\.m2\repository\com\mckesson\eig\server\roi-server\0.0.1\roi-server-0.0.1.pom
[INFO] 
[INFO] -----------------< com.mckesson.eig.server:roi-common >-----------------
[INFO] Building McKesson Patient Folder ROI Common File 0.0.1            [3/19]
[INFO] --------------------------------[ pom ]---------------------------------
[INFO] 
[INFO] --- maven-clean-plugin:2.5:clean (default-clean) @ roi-common ---
[INFO] 
[INFO] --- maven-install-plugin:2.4:install (default-install) @ roi-common ---
[INFO] Installing M:\Code\DM-Classics\trunk\ROI\src\prototype-nj\src\server-roi\common\pom.xml to M:\.m2\repository\com\mckesson\eig\server\roi-common\0.0.1\roi-common-0.0.1.pom
[INFO] 
[INFO] --------------< com.mckesson.eig.server:roi-common-utils >--------------
[INFO] Building McKesson Patient Folder ROI Utils 0.0.1                  [4/19]
[INFO] --------------------------------[ jar ]---------------------------------
[INFO] 
[INFO] --- maven-clean-plugin:2.5:clean (default-clean) @ roi-common-utils ---
[INFO] Deleting M:\Code\DM-Classics\trunk\ROI\src\prototype-nj\src\server-roi\common\utils\target
[INFO] 
[INFO] --- maven-resources-plugin:2.6:resources (default-resources) @ roi-common-utils ---
[INFO] Using 'UTF-8' encoding to copy filtered resources.
[INFO] Copying 2 resources
[INFO] 
[INFO] --- maven-compiler-plugin:2.5.1:compile (default-compile) @ roi-common-utils ---
[INFO] Compiling 192 source files to M:\Code\DM-Classics\trunk\ROI\src\prototype-nj\src\server-roi\common\utils\target\classes
[INFO] 
[INFO] --- maven-resources-plugin:2.6:testResources (default-testResources) @ roi-common-utils ---
[INFO] Using 'UTF-8' encoding to copy filtered resources.
[INFO] skip non existing resourceDirectory M:\Code\DM-Classics\trunk\ROI\src\prototype-nj\src\server-roi\common\utils\src\test\resources
[INFO] 
[INFO] --- maven-compiler-plugin:2.5.1:testCompile (default-testCompile) @ roi-common-utils ---
[INFO] Compiling 169 source files to M:\Code\DM-Classics\trunk\ROI\src\prototype-nj\src\server-roi\common\utils\target\test-classes
[INFO] 
[INFO] --- maven-surefire-plugin:2.12:test (default-test) @ roi-common-utils ---
[INFO] Tests are skipped.
[INFO] 
[INFO] --- maven-jar-plugin:2.6:jar (default-jar) @ roi-common-utils ---
[INFO] Building jar: M:\Code\DM-Classics\trunk\ROI\src\prototype-nj\src\server-roi\common\utils\target\roi-common-utils-0.0.1.jar
[INFO] 
[INFO] --- maven-jar-plugin:2.6:test-jar (default) @ roi-common-utils ---
[INFO] Building jar: M:\Code\DM-Classics\trunk\ROI\src\prototype-nj\src\server-roi\common\utils\target\roi-common-utils-0.0.1-tests.jar
[INFO] 
[INFO] --- maven-install-plugin:2.4:install (default-install) @ roi-common-utils ---
[INFO] Installing M:\Code\DM-Classics\trunk\ROI\src\prototype-nj\src\server-roi\common\utils\target\roi-common-utils-0.0.1.jar to M:\.m2\repository\com\mckesson\eig\server\roi-common-utils\0.0.1\roi-common-utils-0.0.1.jar
[INFO] Installing M:\Code\DM-Classics\trunk\ROI\src\prototype-nj\src\server-roi\common\utils\pom.xml to M:\.m2\repository\com\mckesson\eig\server\roi-common-utils\0.0.1\roi-common-utils-0.0.1.pom
[INFO] Installing M:\Code\DM-Classics\trunk\ROI\src\prototype-nj\src\server-roi\common\utils\target\roi-common-utils-0.0.1-tests.jar to M:\.m2\repository\com\mckesson\eig\server\roi-common-utils\0.0.1\roi-common-utils-0.0.1-tests.jar
[INFO] 
[INFO] -----------< com.mckesson.eig.server:roi-common-webservices >-----------
[INFO] Building McKesson Patient Folder ROI Web Services 0.0.1           [5/19]
[INFO] --------------------------------[ jar ]---------------------------------
[INFO] 
[INFO] --- maven-clean-plugin:2.5:clean (default-clean) @ roi-common-webservices ---
[INFO] Deleting M:\Code\DM-Classics\trunk\ROI\src\prototype-nj\src\server-roi\common\webservices\target
[INFO] 
[INFO] --- maven-resources-plugin:2.6:resources (default-resources) @ roi-common-webservices ---
[INFO] Using 'UTF-8' encoding to copy filtered resources.
[INFO] Copying 12 resources
[INFO] 
[INFO] --- maven-compiler-plugin:2.5.1:compile (default-compile) @ roi-common-webservices ---
[INFO] Compiling 67 source files to M:\Code\DM-Classics\trunk\ROI\src\prototype-nj\src\server-roi\common\webservices\target\classes
[INFO] 
[INFO] --- maven-resources-plugin:2.6:testResources (default-testResources) @ roi-common-webservices ---
[INFO] Using 'UTF-8' encoding to copy filtered resources.
[INFO] skip non existing resourceDirectory M:\Code\DM-Classics\trunk\ROI\src\prototype-nj\src\server-roi\common\webservices\src\test\resources
[INFO] 
[INFO] --- maven-compiler-plugin:2.5.1:testCompile (default-testCompile) @ roi-common-webservices ---
[INFO] Compiling 55 source files to M:\Code\DM-Classics\trunk\ROI\src\prototype-nj\src\server-roi\common\webservices\target\test-classes
[INFO] 
[INFO] --- maven-surefire-plugin:2.12:test (default-test) @ roi-common-webservices ---
[INFO] Tests are skipped.
[INFO] 
[INFO] --- maven-jar-plugin:2.6:jar (default-jar) @ roi-common-webservices ---
[INFO] Building jar: M:\Code\DM-Classics\trunk\ROI\src\prototype-nj\src\server-roi\common\webservices\target\roi-common-webservices-0.0.1.jar
[INFO] 
[INFO] --- maven-jar-plugin:2.6:test-jar (default) @ roi-common-webservices ---
[INFO] Building jar: M:\Code\DM-Classics\trunk\ROI\src\prototype-nj\src\server-roi\common\webservices\target\roi-common-webservices-0.0.1-tests.jar
[INFO] 
[INFO] --- maven-install-plugin:2.4:install (default-install) @ roi-common-webservices ---
[INFO] Installing M:\Code\DM-Classics\trunk\ROI\src\prototype-nj\src\server-roi\common\webservices\target\roi-common-webservices-0.0.1.jar to M:\.m2\repository\com\mckesson\eig\server\roi-common-webservices\0.0.1\roi-common-webservices-0.0.1.jar
[INFO] Installing M:\Code\DM-Classics\trunk\ROI\src\prototype-nj\src\server-roi\common\webservices\pom.xml to M:\.m2\repository\com\mckesson\eig\server\roi-common-webservices\0.0.1\roi-common-webservices-0.0.1.pom
[INFO] Installing M:\Code\DM-Classics\trunk\ROI\src\prototype-nj\src\server-roi\common\webservices\target\roi-common-webservices-0.0.1-tests.jar to M:\.m2\repository\com\mckesson\eig\server\roi-common-webservices\0.0.1\roi-common-webservices-0.0.1-tests.jar
[INFO] 
[INFO] --------------< com.mckesson.eig.server:roi-common-audit >--------------
[INFO] Building McKesson Patient Folder ROI Audit 0.0.1                  [6/19]
[INFO] --------------------------------[ jar ]---------------------------------
[INFO] 
[INFO] --- maven-clean-plugin:2.5:clean (default-clean) @ roi-common-audit ---
[INFO] Deleting M:\Code\DM-Classics\trunk\ROI\src\prototype-nj\src\server-roi\common\audit\target
[INFO] 
[INFO] --- maven-resources-plugin:2.6:resources (default-resources) @ roi-common-audit ---
[INFO] Using 'UTF-8' encoding to copy filtered resources.
[INFO] Copying 16 resources
[INFO] 
[INFO] --- maven-compiler-plugin:2.5.1:compile (default-compile) @ roi-common-audit ---
[INFO] Compiling 19 source files to M:\Code\DM-Classics\trunk\ROI\src\prototype-nj\src\server-roi\common\audit\target\classes
[INFO] 
[INFO] --- maven-resources-plugin:2.6:testResources (default-testResources) @ roi-common-audit ---
[INFO] Using 'UTF-8' encoding to copy filtered resources.
[INFO] skip non existing resourceDirectory M:\Code\DM-Classics\trunk\ROI\src\prototype-nj\src\server-roi\common\audit\src\test\resources
[INFO] 
[INFO] --- maven-compiler-plugin:2.5.1:testCompile (default-testCompile) @ roi-common-audit ---
[INFO] Compiling 14 source files to M:\Code\DM-Classics\trunk\ROI\src\prototype-nj\src\server-roi\common\audit\target\test-classes
[INFO] 
[INFO] --- maven-surefire-plugin:2.12:test (default-test) @ roi-common-audit ---
[INFO] Tests are skipped.
[INFO] 
[INFO] --- maven-jar-plugin:2.4:jar (default-jar) @ roi-common-audit ---
[INFO] Building jar: M:\Code\DM-Classics\trunk\ROI\src\prototype-nj\src\server-roi\common\audit\target\roi-common-audit-0.0.1.jar
[INFO] 
[INFO] --- maven-install-plugin:2.4:install (default-install) @ roi-common-audit ---
[INFO] Installing M:\Code\DM-Classics\trunk\ROI\src\prototype-nj\src\server-roi\common\audit\target\roi-common-audit-0.0.1.jar to M:\.m2\repository\com\mckesson\eig\server\roi-common-audit\0.0.1\roi-common-audit-0.0.1.jar
[INFO] Installing M:\Code\DM-Classics\trunk\ROI\src\prototype-nj\src\server-roi\common\audit\pom.xml to M:\.m2\repository\com\mckesson\eig\server\roi-common-audit\0.0.1\roi-common-audit-0.0.1.pom
[INFO] 
[INFO] ----------< com.mckesson.eig.server:roi-common-filetransfer >-----------
[INFO] Building McKesson Patient Folder ROI File Transfer 0.0.1          [7/19]
[INFO] --------------------------------[ jar ]---------------------------------
[INFO] 
[INFO] --- maven-clean-plugin:2.5:clean (default-clean) @ roi-common-filetransfer ---
[INFO] Deleting M:\Code\DM-Classics\trunk\ROI\src\prototype-nj\src\server-roi\common\filetransfer\target
[INFO] 
[INFO] --- maven-resources-plugin:2.6:resources (default-resources) @ roi-common-filetransfer ---
[INFO] Using 'UTF-8' encoding to copy filtered resources.
[INFO] skip non existing resourceDirectory M:\Code\DM-Classics\trunk\ROI\src\prototype-nj\src\server-roi\common\filetransfer\src\main\resources
[INFO] 
[INFO] --- maven-compiler-plugin:2.5.1:compile (default-compile) @ roi-common-filetransfer ---
[INFO] Compiling 12 source files to M:\Code\DM-Classics\trunk\ROI\src\prototype-nj\src\server-roi\common\filetransfer\target\classes
[INFO] 
[INFO] --- maven-resources-plugin:2.6:testResources (default-testResources) @ roi-common-filetransfer ---
[INFO] Using 'UTF-8' encoding to copy filtered resources.
[INFO] skip non existing resourceDirectory M:\Code\DM-Classics\trunk\ROI\src\prototype-nj\src\server-roi\common\filetransfer\src\test\resources
[INFO] 
[INFO] --- maven-compiler-plugin:2.5.1:testCompile (default-testCompile) @ roi-common-filetransfer ---
[INFO] Compiling 10 source files to M:\Code\DM-Classics\trunk\ROI\src\prototype-nj\src\server-roi\common\filetransfer\target\test-classes
[INFO] 
[INFO] --- maven-surefire-plugin:2.12:test (default-test) @ roi-common-filetransfer ---
[INFO] Tests are skipped.
[INFO] 
[INFO] --- maven-jar-plugin:2.4:jar (default-jar) @ roi-common-filetransfer ---
[INFO] Building jar: M:\Code\DM-Classics\trunk\ROI\src\prototype-nj\src\server-roi\common\filetransfer\target\roi-common-filetransfer-0.0.1.jar
[INFO] 
[INFO] --- maven-install-plugin:2.4:install (default-install) @ roi-common-filetransfer ---
[INFO] Installing M:\Code\DM-Classics\trunk\ROI\src\prototype-nj\src\server-roi\common\filetransfer\target\roi-common-filetransfer-0.0.1.jar to M:\.m2\repository\com\mckesson\eig\server\roi-common-filetransfer\0.0.1\roi-common-filetransfer-0.0.1.jar
[INFO] Installing M:\Code\DM-Classics\trunk\ROI\src\prototype-nj\src\server-roi\common\filetransfer\pom.xml to M:\.m2\repository\com\mckesson\eig\server\roi-common-filetransfer\0.0.1\roi-common-filetransfer-0.0.1.pom
[INFO] 
[INFO] -------------< com.mckesson.eig.server:roi-common-reports >-------------
[INFO] Building McKesson Patient Folder ROI Reports 0.0.1                [8/19]
[INFO] --------------------------------[ jar ]---------------------------------
[INFO] 
[INFO] --- maven-clean-plugin:2.5:clean (default-clean) @ roi-common-reports ---
[INFO] Deleting M:\Code\DM-Classics\trunk\ROI\src\prototype-nj\src\server-roi\common\reports\target
[INFO] 
[INFO] --- maven-resources-plugin:2.6:resources (default-resources) @ roi-common-reports ---
[INFO] Using 'UTF-8' encoding to copy filtered resources.
[INFO] skip non existing resourceDirectory M:\Code\DM-Classics\trunk\ROI\src\prototype-nj\src\server-roi\common\reports\src\main\resources
[INFO] 
[INFO] --- maven-compiler-plugin:2.5.1:compile (default-compile) @ roi-common-reports ---
[INFO] Compiling 6 source files to M:\Code\DM-Classics\trunk\ROI\src\prototype-nj\src\server-roi\common\reports\target\classes
[INFO] 
[INFO] --- maven-resources-plugin:2.6:testResources (default-testResources) @ roi-common-reports ---
[INFO] Using 'UTF-8' encoding to copy filtered resources.
[INFO] skip non existing resourceDirectory M:\Code\DM-Classics\trunk\ROI\src\prototype-nj\src\server-roi\common\reports\src\test\resources
[INFO] 
[INFO] --- maven-compiler-plugin:2.5.1:testCompile (default-testCompile) @ roi-common-reports ---
[INFO] Compiling 4 source files to M:\Code\DM-Classics\trunk\ROI\src\prototype-nj\src\server-roi\common\reports\target\test-classes
[INFO] 
[INFO] --- maven-surefire-plugin:2.12:test (default-test) @ roi-common-reports ---
[INFO] Tests are skipped.
[INFO] 
[INFO] --- maven-jar-plugin:2.4:jar (default-jar) @ roi-common-reports ---
[INFO] Building jar: M:\Code\DM-Classics\trunk\ROI\src\prototype-nj\src\server-roi\common\reports\target\roi-common-reports-0.0.1.jar
[INFO] 
[INFO] --- maven-install-plugin:2.4:install (default-install) @ roi-common-reports ---
[INFO] Installing M:\Code\DM-Classics\trunk\ROI\src\prototype-nj\src\server-roi\common\reports\target\roi-common-reports-0.0.1.jar to M:\.m2\repository\com\mckesson\eig\server\roi-common-reports\0.0.1\roi-common-reports-0.0.1.jar
[INFO] Installing M:\Code\DM-Classics\trunk\ROI\src\prototype-nj\src\server-roi\common\reports\pom.xml to M:\.m2\repository\com\mckesson\eig\server\roi-common-reports\0.0.1\roi-common-reports-0.0.1.pom
[INFO] 
[INFO] -------------< com.mckesson.eig.server:roi-common-config >--------------
[INFO] Building McKesson Patient Folder ROI Config 0.0.1                 [9/19]
[INFO] --------------------------------[ jar ]---------------------------------
[INFO] 
[INFO] --- maven-clean-plugin:2.5:clean (default-clean) @ roi-common-config ---
[INFO] Deleting M:\Code\DM-Classics\trunk\ROI\src\prototype-nj\src\server-roi\common\config\target
[INFO] 
[INFO] --- maven-resources-plugin:2.6:resources (default-resources) @ roi-common-config ---
[INFO] Using 'UTF-8' encoding to copy filtered resources.
[INFO] Copying 5 resources
[INFO] 
[INFO] --- maven-compiler-plugin:2.5.1:compile (default-compile) @ roi-common-config ---
[INFO] Compiling 46 source files to M:\Code\DM-Classics\trunk\ROI\src\prototype-nj\src\server-roi\common\config\target\classes
[INFO] 
[INFO] --- maven-resources-plugin:2.6:testResources (default-testResources) @ roi-common-config ---
[INFO] Using 'UTF-8' encoding to copy filtered resources.
[INFO] skip non existing resourceDirectory M:\Code\DM-Classics\trunk\ROI\src\prototype-nj\src\server-roi\common\config\src\test\resources
[INFO] 
[INFO] --- maven-compiler-plugin:2.5.1:testCompile (default-testCompile) @ roi-common-config ---
[INFO] Compiling 34 source files to M:\Code\DM-Classics\trunk\ROI\src\prototype-nj\src\server-roi\common\config\target\test-classes
[INFO] 
[INFO] --- maven-surefire-plugin:2.12:test (default-test) @ roi-common-config ---
[INFO] Tests are skipped.
[INFO] 
[INFO] --- maven-jar-plugin:2.4:jar (default-jar) @ roi-common-config ---
[INFO] Building jar: M:\Code\DM-Classics\trunk\ROI\src\prototype-nj\src\server-roi\common\config\target\roi-common-config-0.0.1.jar
[INFO] 
[INFO] --- maven-install-plugin:2.4:install (default-install) @ roi-common-config ---
[INFO] Installing M:\Code\DM-Classics\trunk\ROI\src\prototype-nj\src\server-roi\common\config\target\roi-common-config-0.0.1.jar to M:\.m2\repository\com\mckesson\eig\server\roi-common-config\0.0.1\roi-common-config-0.0.1.jar
[INFO] Installing M:\Code\DM-Classics\trunk\ROI\src\prototype-nj\src\server-roi\common\config\pom.xml to M:\.m2\repository\com\mckesson\eig\server\roi-common-config\0.0.1\roi-common-config-0.0.1.pom
[INFO] 
[INFO] --------------< com.mckesson.eig.server:roi-common-inuse >--------------
[INFO] Building McKesson Patient Folder ROI InUse 0.0.1                 [10/19]
[INFO] --------------------------------[ jar ]---------------------------------
[INFO] 
[INFO] --- maven-clean-plugin:2.5:clean (default-clean) @ roi-common-inuse ---
[INFO] Deleting M:\Code\DM-Classics\trunk\ROI\src\prototype-nj\src\server-roi\common\inuse\target
[INFO] 
[INFO] --- maven-resources-plugin:2.6:resources (default-resources) @ roi-common-inuse ---
[INFO] Using 'UTF-8' encoding to copy filtered resources.
[INFO] Copying 8 resources
[INFO] 
[INFO] --- maven-compiler-plugin:2.5.1:compile (default-compile) @ roi-common-inuse ---
[INFO] Compiling 15 source files to M:\Code\DM-Classics\trunk\ROI\src\prototype-nj\src\server-roi\common\inuse\target\classes
[INFO] 
[INFO] --- maven-resources-plugin:2.6:testResources (default-testResources) @ roi-common-inuse ---
[INFO] Using 'UTF-8' encoding to copy filtered resources.
[INFO] skip non existing resourceDirectory M:\Code\DM-Classics\trunk\ROI\src\prototype-nj\src\server-roi\common\inuse\src\test\resources
[INFO] 
[INFO] --- maven-compiler-plugin:2.5.1:testCompile (default-testCompile) @ roi-common-inuse ---
[INFO] Compiling 7 source files to M:\Code\DM-Classics\trunk\ROI\src\prototype-nj\src\server-roi\common\inuse\target\test-classes
[INFO] 
[INFO] --- maven-surefire-plugin:2.12:test (default-test) @ roi-common-inuse ---
[INFO] Tests are skipped.
[INFO] 
[INFO] --- maven-jar-plugin:2.4:jar (default-jar) @ roi-common-inuse ---
[INFO] Building jar: M:\Code\DM-Classics\trunk\ROI\src\prototype-nj\src\server-roi\common\inuse\target\roi-common-inuse-0.0.1.jar
[INFO] 
[INFO] --- maven-install-plugin:2.4:install (default-install) @ roi-common-inuse ---
[INFO] Installing M:\Code\DM-Classics\trunk\ROI\src\prototype-nj\src\server-roi\common\inuse\target\roi-common-inuse-0.0.1.jar to M:\.m2\repository\com\mckesson\eig\server\roi-common-inuse\0.0.1\roi-common-inuse-0.0.1.jar
[INFO] Installing M:\Code\DM-Classics\trunk\ROI\src\prototype-nj\src\server-roi\common\inuse\pom.xml to M:\.m2\repository\com\mckesson\eig\server\roi-common-inuse\0.0.1\roi-common-inuse-0.0.1.pom
[INFO] 
[INFO] ------------------< com.mckesson.eig.server:roi-core >------------------
[INFO] Building McKesson Patient Folder ROI Core 0.0.1                  [11/19]
[INFO] --------------------------------[ jar ]---------------------------------
[INFO] 
[INFO] --- maven-clean-plugin:2.5:clean (default-clean) @ roi-core ---
[INFO] Deleting M:\Code\DM-Classics\trunk\ROI\src\prototype-nj\src\server-roi\core\target
[INFO] 
[INFO] --- maven-resources-plugin:2.6:resources (default-resources) @ roi-core ---
[INFO] Using 'UTF-8' encoding to copy filtered resources.
[INFO] Copying 109 resources
[INFO] 
[INFO] --- maven-compiler-plugin:2.5.1:compile (default-compile) @ roi-core ---
[INFO] Compiling 489 source files to M:\Code\DM-Classics\trunk\ROI\src\prototype-nj\src\server-roi\core\target\classes
[INFO] 
[INFO] --- maven-resources-plugin:2.6:testResources (default-testResources) @ roi-core ---
[INFO] Using 'UTF-8' encoding to copy filtered resources.
[INFO] Copying 1 resource
[INFO] 
[INFO] --- maven-compiler-plugin:2.5.1:testCompile (default-testCompile) @ roi-core ---
[INFO] Compiling 82 source files to M:\Code\DM-Classics\trunk\ROI\src\prototype-nj\src\server-roi\core\target\test-classes
[INFO] 
[INFO] --- maven-surefire-plugin:2.12:test (default-test) @ roi-core ---
[INFO] Tests are skipped.
[INFO] 
[INFO] --- maven-jar-plugin:2.4:jar (default-jar) @ roi-core ---
[INFO] Building jar: M:\Code\DM-Classics\trunk\ROI\src\prototype-nj\src\server-roi\core\target\roi-core-0.0.1.jar
[INFO] 
[INFO] --- maven-install-plugin:2.4:install (default-install) @ roi-core ---
[INFO] Installing M:\Code\DM-Classics\trunk\ROI\src\prototype-nj\src\server-roi\core\target\roi-core-0.0.1.jar to M:\.m2\repository\com\mckesson\eig\server\roi-core\0.0.1\roi-core-0.0.1.jar
[INFO] Installing M:\Code\DM-Classics\trunk\ROI\src\prototype-nj\src\server-roi\core\pom.xml to M:\.m2\repository\com\mckesson\eig\server\roi-core\0.0.1\roi-core-0.0.1.pom
[INFO] 
[INFO] -----------------< com.mckesson.eig.server:roi-plugin >-----------------
[INFO] Building McKesson Patient Folder ROI CCD Plugin 0.0.1            [12/19]
[INFO] --------------------------------[ pom ]---------------------------------
[INFO] 
[INFO] --- maven-clean-plugin:2.5:clean (default-clean) @ roi-plugin ---
[INFO] 
[INFO] --- maven-install-plugin:2.4:install (default-install) @ roi-plugin ---
[INFO] Installing M:\Code\DM-Classics\trunk\ROI\src\prototype-nj\src\server-roi\plugin\pom.xml to M:\.m2\repository\com\mckesson\eig\server\roi-plugin\0.0.1\roi-plugin-0.0.1.pom
[INFO] 
[INFO] ----------------< com.mckesson.eig.server:roi-ccd-hpf >-----------------
[INFO] Building McKesson Patient Folder ROI HPF CCD Plugin 0.0.1        [13/19]
[INFO] --------------------------------[ jar ]---------------------------------
[INFO] 
[INFO] --- maven-clean-plugin:2.5:clean (default-clean) @ roi-ccd-hpf ---
[INFO] Deleting M:\Code\DM-Classics\trunk\ROI\src\prototype-nj\src\server-roi\plugin\hpfccdprovider\target
[INFO] 
[INFO] --- maven-resources-plugin:2.6:resources (default-resources) @ roi-ccd-hpf ---
[INFO] Using 'UTF-8' encoding to copy filtered resources.
[INFO] skip non existing resourceDirectory M:\Code\DM-Classics\trunk\ROI\src\prototype-nj\src\server-roi\plugin\hpfccdprovider\src\main\resources
[INFO] 
[INFO] --- maven-compiler-plugin:2.5.1:compile (default-compile) @ roi-ccd-hpf ---
[INFO] Compiling 1 source file to M:\Code\DM-Classics\trunk\ROI\src\prototype-nj\src\server-roi\plugin\hpfccdprovider\target\classes
[INFO] 
[INFO] --- maven-resources-plugin:2.6:testResources (default-testResources) @ roi-ccd-hpf ---
[INFO] Using 'UTF-8' encoding to copy filtered resources.
[INFO] skip non existing resourceDirectory M:\Code\DM-Classics\trunk\ROI\src\prototype-nj\src\server-roi\plugin\hpfccdprovider\src\test\resources
[INFO] 
[INFO] --- maven-compiler-plugin:2.5.1:testCompile (default-testCompile) @ roi-ccd-hpf ---
[INFO] No sources to compile
[INFO] 
[INFO] --- maven-surefire-plugin:2.12:test (default-test) @ roi-ccd-hpf ---
[INFO] Tests are skipped.
[INFO] 
[INFO] --- maven-jar-plugin:2.4:jar (default-jar) @ roi-ccd-hpf ---
[INFO] Building jar: M:\Code\DM-Classics\trunk\ROI\src\prototype-nj\src\server-roi\plugin\hpfccdprovider\target\roi-ccd-hpf-0.0.1.jar
[INFO] 
[INFO] --- maven-install-plugin:2.4:install (default-install) @ roi-ccd-hpf ---
[INFO] Installing M:\Code\DM-Classics\trunk\ROI\src\prototype-nj\src\server-roi\plugin\hpfccdprovider\target\roi-ccd-hpf-0.0.1.jar to M:\.m2\repository\com\mckesson\eig\server\roi-ccd-hpf\0.0.1\roi-ccd-hpf-0.0.1.jar
[INFO] Installing M:\Code\DM-Classics\trunk\ROI\src\prototype-nj\src\server-roi\plugin\hpfccdprovider\pom.xml to M:\.m2\repository\com\mckesson\eig\server\roi-ccd-hpf\0.0.1\roi-ccd-hpf-0.0.1.pom
[INFO] 
[INFO] --------------< com.mckesson.eig.server:roi-ccd-paragon >---------------
[INFO] Building McKesson Patient Folder ROI Paragon CCD Plugin 0.0.1    [14/19]
[INFO] --------------------------------[ jar ]---------------------------------
[INFO] 
[INFO] --- maven-clean-plugin:2.5:clean (default-clean) @ roi-ccd-paragon ---
[INFO] Deleting M:\Code\DM-Classics\trunk\ROI\src\prototype-nj\src\server-roi\plugin\paragonccdprovider\target
[INFO] 
[INFO] --- maven-resources-plugin:2.6:resources (default-resources) @ roi-ccd-paragon ---
[INFO] Using 'UTF-8' encoding to copy filtered resources.
[INFO] skip non existing resourceDirectory M:\Code\DM-Classics\trunk\ROI\src\prototype-nj\src\server-roi\plugin\paragonccdprovider\src\main\resources
[INFO] 
[INFO] --- maven-compiler-plugin:2.5.1:compile (default-compile) @ roi-ccd-paragon ---
[INFO] Compiling 1 source file to M:\Code\DM-Classics\trunk\ROI\src\prototype-nj\src\server-roi\plugin\paragonccdprovider\target\classes
[INFO] 
[INFO] --- maven-resources-plugin:2.6:testResources (default-testResources) @ roi-ccd-paragon ---
[INFO] Using 'UTF-8' encoding to copy filtered resources.
[INFO] skip non existing resourceDirectory M:\Code\DM-Classics\trunk\ROI\src\prototype-nj\src\server-roi\plugin\paragonccdprovider\src\test\resources
[INFO] 
[INFO] --- maven-compiler-plugin:2.5.1:testCompile (default-testCompile) @ roi-ccd-paragon ---
[INFO] No sources to compile
[INFO] 
[INFO] --- maven-surefire-plugin:2.12:test (default-test) @ roi-ccd-paragon ---
[INFO] Tests are skipped.
[INFO] 
[INFO] --- maven-jar-plugin:2.4:jar (default-jar) @ roi-ccd-paragon ---
[INFO] Building jar: M:\Code\DM-Classics\trunk\ROI\src\prototype-nj\src\server-roi\plugin\paragonccdprovider\target\roi-ccd-paragon-0.0.1.jar
[INFO] 
[INFO] --- maven-install-plugin:2.4:install (default-install) @ roi-ccd-paragon ---
[INFO] Installing M:\Code\DM-Classics\trunk\ROI\src\prototype-nj\src\server-roi\plugin\paragonccdprovider\target\roi-ccd-paragon-0.0.1.jar to M:\.m2\repository\com\mckesson\eig\server\roi-ccd-paragon\0.0.1\roi-ccd-paragon-0.0.1.jar
[INFO] Installing M:\Code\DM-Classics\trunk\ROI\src\prototype-nj\src\server-roi\plugin\paragonccdprovider\pom.xml to M:\.m2\repository\com\mckesson\eig\server\roi-ccd-paragon\0.0.1\roi-ccd-paragon-0.0.1.pom
[INFO] 
[INFO] --------------< com.mckesson.eig.server:roi-ccd-clinical >--------------
[INFO] Building McKesson Patient Folder ROI Clinical CCD Plugin 0.0.1   [15/19]
[INFO] --------------------------------[ jar ]---------------------------------
[INFO] 
[INFO] --- maven-clean-plugin:2.5:clean (default-clean) @ roi-ccd-clinical ---
[INFO] Deleting M:\Code\DM-Classics\trunk\ROI\src\prototype-nj\src\server-roi\plugin\clinicalccdprovider\target
[INFO] 
[INFO] --- maven-resources-plugin:2.6:resources (default-resources) @ roi-ccd-clinical ---
[INFO] Using 'UTF-8' encoding to copy filtered resources.
[INFO] skip non existing resourceDirectory M:\Code\DM-Classics\trunk\ROI\src\prototype-nj\src\server-roi\plugin\clinicalccdprovider\src\main\resources
[INFO] 
[INFO] --- maven-compiler-plugin:2.5.1:compile (default-compile) @ roi-ccd-clinical ---
[INFO] Compiling 1 source file to M:\Code\DM-Classics\trunk\ROI\src\prototype-nj\src\server-roi\plugin\clinicalccdprovider\target\classes
[INFO] 
[INFO] --- maven-resources-plugin:2.6:testResources (default-testResources) @ roi-ccd-clinical ---
[INFO] Using 'UTF-8' encoding to copy filtered resources.
[INFO] skip non existing resourceDirectory M:\Code\DM-Classics\trunk\ROI\src\prototype-nj\src\server-roi\plugin\clinicalccdprovider\src\test\resources
[INFO] 
[INFO] --- maven-compiler-plugin:2.5.1:testCompile (default-testCompile) @ roi-ccd-clinical ---
[INFO] No sources to compile
[INFO] 
[INFO] --- maven-surefire-plugin:2.12:test (default-test) @ roi-ccd-clinical ---
[INFO] Tests are skipped.
[INFO] 
[INFO] --- maven-jar-plugin:2.4:jar (default-jar) @ roi-ccd-clinical ---
[INFO] Building jar: M:\Code\DM-Classics\trunk\ROI\src\prototype-nj\src\server-roi\plugin\clinicalccdprovider\target\roi-ccd-clinical-0.0.1.jar
[INFO] 
[INFO] --- maven-install-plugin:2.4:install (default-install) @ roi-ccd-clinical ---
[INFO] Installing M:\Code\DM-Classics\trunk\ROI\src\prototype-nj\src\server-roi\plugin\clinicalccdprovider\target\roi-ccd-clinical-0.0.1.jar to M:\.m2\repository\com\mckesson\eig\server\roi-ccd-clinical\0.0.1\roi-ccd-clinical-0.0.1.jar
[INFO] Installing M:\Code\DM-Classics\trunk\ROI\src\prototype-nj\src\server-roi\plugin\clinicalccdprovider\pom.xml to M:\.m2\repository\com\mckesson\eig\server\roi-ccd-clinical\0.0.1\roi-ccd-clinical-0.0.1.pom
[INFO] 
[INFO] --------------< com.mckesson.eig.server:roi-core-webapp >---------------
[INFO] Building ROI core Webapp 0.0.1                                   [16/19]
[INFO] --------------------------------[ war ]---------------------------------
[INFO] 
[INFO] --- maven-clean-plugin:2.5:clean (default-clean) @ roi-core-webapp ---
[INFO] Deleting M:\Code\DM-Classics\trunk\ROI\src\prototype-nj\src\server-roi\webapp\target
[INFO] 
[INFO] --- maven-resources-plugin:2.6:resources (default-resources) @ roi-core-webapp ---
[INFO] Using 'UTF-8' encoding to copy filtered resources.
[INFO] skip non existing resourceDirectory M:\Code\DM-Classics\trunk\ROI\src\prototype-nj\src\server-roi\webapp\src\main\resources
[INFO] 
[INFO] --- maven-compiler-plugin:2.5.1:compile (default-compile) @ roi-core-webapp ---
[INFO] No sources to compile
[INFO] 
[INFO] --- maven-resources-plugin:2.6:testResources (default-testResources) @ roi-core-webapp ---
[INFO] Using 'UTF-8' encoding to copy filtered resources.
[INFO] skip non existing resourceDirectory M:\Code\DM-Classics\trunk\ROI\src\prototype-nj\src\server-roi\webapp\src\test\resources
[INFO] 
[INFO] --- maven-compiler-plugin:2.5.1:testCompile (default-testCompile) @ roi-core-webapp ---
[INFO] No sources to compile
[INFO] 
[INFO] --- maven-surefire-plugin:2.12:test (default-test) @ roi-core-webapp ---
[INFO] Tests are skipped.
[INFO] 
[INFO] --- maven-war-plugin:2.3:war (default-war) @ roi-core-webapp ---
[INFO] Packaging webapp
[INFO] Assembling webapp [roi-core-webapp] in [M:\Code\DM-Classics\trunk\ROI\src\prototype-nj\src\server-roi\webapp\target\roi]
[INFO] Processing war project
[INFO] Copying webapp resources [M:\Code\DM-Classics\trunk\ROI\src\prototype-nj\src\server-roi\webapp\src\main\webapp]
[INFO] Webapp assembled in [3440 msecs]
[INFO] Building war: M:\Code\DM-Classics\trunk\ROI\src\prototype-nj\src\server-roi\webapp\target\roi.war
[INFO] 
[INFO] --- maven-install-plugin:2.4:install (default-install) @ roi-core-webapp ---
[INFO] Installing M:\Code\DM-Classics\trunk\ROI\src\prototype-nj\src\server-roi\webapp\target\roi.war to M:\.m2\repository\com\mckesson\eig\server\roi-core-webapp\0.0.1\roi-core-webapp-0.0.1.war
[INFO] Installing M:\Code\DM-Classics\trunk\ROI\src\prototype-nj\src\server-roi\webapp\pom.xml to M:\.m2\repository\com\mckesson\eig\server\roi-core-webapp\0.0.1\roi-core-webapp-0.0.1.pom
[INFO] 
[INFO] ----------------< com.mckesson.eig.server:alert-server >----------------
[INFO] Building McKesson Patient Folder ROI Alert Server 0.0.1          [17/19]
[INFO] --------------------------------[ pom ]---------------------------------
[INFO] 
[INFO] --- maven-clean-plugin:2.5:clean (default-clean) @ alert-server ---
[INFO] 
[INFO] --- maven-install-plugin:2.4:install (default-install) @ alert-server ---
[INFO] Installing M:\Code\DM-Classics\trunk\ROI\src\prototype-nj\src\server-alert\pom.xml to M:\.m2\repository\com\mckesson\eig\server\alert-server\0.0.1\alert-server-0.0.1.pom
[INFO] 
[INFO] --------------< com.mckesson.eig.server:roi-common-alert >--------------
[INFO] Building McKesson Patient Folder ROI Common Alert 0.0.1          [18/19]
[INFO] --------------------------------[ jar ]---------------------------------
[INFO] 
[INFO] --- maven-clean-plugin:2.5:clean (default-clean) @ roi-common-alert ---
[INFO] Deleting M:\Code\DM-Classics\trunk\ROI\src\prototype-nj\src\server-alert\alert\target
[INFO] 
[INFO] --- maven-resources-plugin:2.6:resources (default-resources) @ roi-common-alert ---
[WARNING] Using platform encoding (Cp1252 actually) to copy filtered resources, i.e. build is platform dependent!
[INFO] Copying 2 resources
[INFO] 
[INFO] --- maven-compiler-plugin:2.5.1:compile (default-compile) @ roi-common-alert ---
[INFO] Compiling 2 source files to M:\Code\DM-Classics\trunk\ROI\src\prototype-nj\src\server-alert\alert\target\classes
[INFO] 
[INFO] --- maven-resources-plugin:2.6:testResources (default-testResources) @ roi-common-alert ---
[WARNING] Using platform encoding (Cp1252 actually) to copy filtered resources, i.e. build is platform dependent!
[INFO] skip non existing resourceDirectory M:\Code\DM-Classics\trunk\ROI\src\prototype-nj\src\server-alert\alert\src\test\resources
[INFO] 
[INFO] --- maven-compiler-plugin:2.5.1:testCompile (default-testCompile) @ roi-common-alert ---
[INFO] Compiling 1 source file to M:\Code\DM-Classics\trunk\ROI\src\prototype-nj\src\server-alert\alert\target\test-classes
[INFO] 
[INFO] --- maven-surefire-plugin:2.12:test (default-test) @ roi-common-alert ---
[INFO] Tests are skipped.
[INFO] 
[INFO] --- maven-jar-plugin:2.4:jar (default-jar) @ roi-common-alert ---
[INFO] Building jar: M:\Code\DM-Classics\trunk\ROI\src\prototype-nj\src\server-alert\alert\target\roi-common-alert-0.0.1.jar
[INFO] 
[INFO] --- maven-install-plugin:2.4:install (default-install) @ roi-common-alert ---
[INFO] Installing M:\Code\DM-Classics\trunk\ROI\src\prototype-nj\src\server-alert\alert\target\roi-common-alert-0.0.1.jar to M:\.m2\repository\com\mckesson\eig\server\roi-common-alert\0.0.1\roi-common-alert-0.0.1.jar
[INFO] Installing M:\Code\DM-Classics\trunk\ROI\src\prototype-nj\src\server-alert\alert\pom.xml to M:\.m2\repository\com\mckesson\eig\server\roi-common-alert\0.0.1\roi-common-alert-0.0.1.pom
[INFO] 
[INFO] ----------< com.mckesson.eig.server:roi-common-alert-webapp >-----------
[INFO] Building McKesson Patient Folder ROI Common Alert Webapp 0.0.1   [19/19]
[INFO] --------------------------------[ war ]---------------------------------
[INFO] 
[INFO] --- maven-clean-plugin:2.5:clean (default-clean) @ roi-common-alert-webapp ---
[INFO] Deleting M:\Code\DM-Classics\trunk\ROI\src\prototype-nj\src\server-alert\alert-webapp\target
[INFO] 
[INFO] --- maven-resources-plugin:2.6:resources (default-resources) @ roi-common-alert-webapp ---
[WARNING] Using platform encoding (Cp1252 actually) to copy filtered resources, i.e. build is platform dependent!
[INFO] skip non existing resourceDirectory M:\Code\DM-Classics\trunk\ROI\src\prototype-nj\src\server-alert\alert-webapp\src\main\resources
[INFO] 
[INFO] --- maven-compiler-plugin:2.5.1:compile (default-compile) @ roi-common-alert-webapp ---
[INFO] No sources to compile
[INFO] 
[INFO] --- maven-resources-plugin:2.6:testResources (default-testResources) @ roi-common-alert-webapp ---
[WARNING] Using platform encoding (Cp1252 actually) to copy filtered resources, i.e. build is platform dependent!
[INFO] skip non existing resourceDirectory M:\Code\DM-Classics\trunk\ROI\src\prototype-nj\src\server-alert\alert-webapp\src\test\resources
[INFO] 
[INFO] --- maven-compiler-plugin:2.5.1:testCompile (default-testCompile) @ roi-common-alert-webapp ---
[INFO] No sources to compile
[INFO] 
[INFO] --- maven-surefire-plugin:2.12:test (default-test) @ roi-common-alert-webapp ---
[INFO] Tests are skipped.
[INFO] 
[INFO] --- maven-war-plugin:2.3:war (default-war) @ roi-common-alert-webapp ---
[INFO] Packaging webapp
[INFO] Assembling webapp [roi-common-alert-webapp] in [M:\Code\DM-Classics\trunk\ROI\src\prototype-nj\src\server-alert\alert-webapp\target\alert]
[INFO] Processing war project
[INFO] Copying webapp resources [M:\Code\DM-Classics\trunk\ROI\src\prototype-nj\src\server-alert\alert-webapp\src\main\webapp]
[INFO] Webapp assembled in [2296 msecs]
[INFO] Building war: M:\Code\DM-Classics\trunk\ROI\src\prototype-nj\src\server-alert\alert-webapp\target\alert.war
[INFO] 
[INFO] --- maven-install-plugin:2.4:install (default-install) @ roi-common-alert-webapp ---
[INFO] Installing M:\Code\DM-Classics\trunk\ROI\src\prototype-nj\src\server-alert\alert-webapp\target\alert.war to M:\.m2\repository\com\mckesson\eig\server\roi-common-alert-webapp\0.0.1\roi-common-alert-webapp-0.0.1.war
[INFO] Installing M:\Code\DM-Classics\trunk\ROI\src\prototype-nj\src\server-alert\alert-webapp\pom.xml to M:\.m2\repository\com\mckesson\eig\server\roi-common-alert-webapp\0.0.1\roi-common-alert-webapp-0.0.1.pom
[INFO] ------------------------------------------------------------------------
[INFO] Reactor Summary:
[INFO] 
[INFO] ROI-Parent 0.0.1 ................................... SUCCESS [  0.425 s]
[INFO] McKesson Patient Folder ROI Server ................. SUCCESS [  0.026 s]
[INFO] McKesson Patient Folder ROI Common File ............ SUCCESS [  0.028 s]
[INFO] McKesson Patient Folder ROI Utils .................. SUCCESS [ 13.249 s]
[INFO] McKesson Patient Folder ROI Web Services ........... SUCCESS [  4.833 s]
[INFO] McKesson Patient Folder ROI Audit .................. SUCCESS [  2.663 s]
[INFO] McKesson Patient Folder ROI File Transfer .......... SUCCESS [  2.621 s]
[INFO] McKesson Patient Folder ROI Reports ................ SUCCESS [  2.882 s]
[INFO] McKesson Patient Folder ROI Config ................. SUCCESS [  3.717 s]
[INFO] McKesson Patient Folder ROI InUse .................. SUCCESS [  3.137 s]
[INFO] McKesson Patient Folder ROI Core ................... SUCCESS [ 14.651 s]
[INFO] McKesson Patient Folder ROI CCD Plugin ............. SUCCESS [  0.018 s]
[INFO] McKesson Patient Folder ROI HPF CCD Plugin ......... SUCCESS [  1.161 s]
[INFO] McKesson Patient Folder ROI Paragon CCD Plugin ..... SUCCESS [  0.973 s]
[INFO] McKesson Patient Folder ROI Clinical CCD Plugin .... SUCCESS [  0.892 s]
[INFO] ROI core Webapp .................................... SUCCESS [ 11.384 s]
[INFO] McKesson Patient Folder ROI Alert Server ........... SUCCESS [  0.016 s]
[INFO] McKesson Patient Folder ROI Common Alert ........... SUCCESS [  1.926 s]
[INFO] McKesson Patient Folder ROI Common Alert Webapp 0.0.1 SUCCESS [  9.112 s]
[INFO] ------------------------------------------------------------------------
[INFO] BUILD SUCCESS
[INFO] ------------------------------------------------------------------------
[INFO] Total time: 01:14 min
[INFO] Finished at: 2021-08-30T18:42:26-04:00
[INFO] ------------------------------------------------------------------------
