2008-12-19 14:53:09,290 - [DEBUG] Entering:  Start.Init()
2008-12-19 14:53:09,322 - [DEBUG] Start Date/Time: 12/19/2008 2:53:09 PM
2008-12-19 14:53:09,322 - [DEBUG] Entering:  DataSourceNameUtility.CreateUserDataSourceName()
2008-12-19 14:53:09,322 - [DEBUG] Entering:  DataSourceNameUtility.IsDsnExists()
2008-12-19 14:53:09,322 - [DEBUG]  Exiting:  DataSourceNameUtility.IsDsnExists()
2008-12-19 14:53:09,837 - [DEBUG] DSN Exist: ROIDataVaultExcelFile
2008-12-19 14:53:09,837 - [DEBUG]  Exiting:  DataSourceNameUtility.CreateUserDataSourceName()
2008-12-19 14:53:13,337 - [DEBUG] Entering:  HPFWHelper.Invoke()
2008-12-19 14:53:13,337 - [DEBUG] Entering:  HPFWWebServiceBase.InitializeService()
2008-12-19 14:53:13,337 - [ INFO] Service Method Begin: McK.EIG.ROI.Client.Base.Controller.ROIController.LogOn Transaction ID: 
2008-12-19 14:53:13,368 - [DEBUG]  Exiting:  HPFWWebServiceBase.InitializeService()
2008-12-19 14:53:15,368 - [DEBUG] Entering:  HPFWWebServiceBase.MarkServiceAsFinished()
2008-12-19 14:53:15,368 - [ INFO] Service Method End: McK.EIG.ROI.Client.Base.Controller.ROIController.LogOn Transaction ID: f183d0e8-c3f2-4d23-b459-88c96b56729d Transaction Time: 2 Seconds
2008-12-19 14:53:15,368 - [DEBUG]  Exiting:  HPFWWebServiceBase.MarkServiceAsFinished()
2008-12-19 14:53:15,368 - [DEBUG]  Exiting:  HPFWHelper.Invoke()
2008-12-19 14:53:15,384 - [DEBUG] Entering:  HPFWHelper.Invoke()
2008-12-19 14:53:15,384 - [DEBUG] Entering:  HPFWWebServiceBase.InitializeService()
2008-12-19 14:53:15,384 - [ INFO] Service Method Begin: McK.EIG.ROI.Client.Base.Controller.ROIController.GetConfiguration Transaction ID: 
2008-12-19 14:53:15,384 - [DEBUG]  Exiting:  HPFWWebServiceBase.InitializeService()
2008-12-19 17:43:35,722 - [DEBUG] Entering:  Start.Init()
2008-12-19 17:43:35,785 - [DEBUG] Start Date/Time: 12/19/2008 5:43:35 PM
2008-12-19 17:43:35,785 - [DEBUG] Entering:  DataSourceNameUtility.CreateUserDataSourceName()
2008-12-19 17:43:35,785 - [DEBUG] Entering:  DataSourceNameUtility.IsDsnExists()
2008-12-19 17:43:35,785 - [DEBUG] DSN Exist: ROIDataVaultExcelFile
2008-12-19 17:43:35,785 - [DEBUG]  Exiting:  DataSourceNameUtility.CreateUserDataSourceName()
2008-12-19 17:43:42,175 - [DEBUG] Entering:  HPFWHelper.Invoke()
2008-12-19 17:43:42,238 - [DEBUG] Entering:  HPFWWebServiceBase.InitializeService()
2008-12-19 17:43:42,238 - [ INFO] Service Method Begin: McK.EIG.ROI.Client.Base.Controller.ROIController.LogOn Transaction ID: 
2008-12-19 17:43:42,409 - [DEBUG]  Exiting:  HPFWWebServiceBase.InitializeService()
2008-12-19 17:43:46,003 - [DEBUG] Entering:  HPFWWebServiceBase.MarkServiceAsFinished()
2008-12-19 17:43:46,003 - [ INFO] Service Method End: McK.EIG.ROI.Client.Base.Controller.ROIController.LogOn Transaction ID: 01cd7e3b-2595-4dfc-9e68-73d4280835f2 Transaction Time: 3.593727 Seconds
2008-12-19 17:43:46,003 - [DEBUG]  Exiting:  HPFWWebServiceBase.MarkServiceAsFinished()
2008-12-19 17:43:46,003 - [DEBUG]  Exiting:  HPFWHelper.Invoke()
2008-12-19 17:43:46,144 - [DEBUG] Entering:  HPFWHelper.Invoke()
2008-12-19 17:43:46,144 - [DEBUG] Entering:  HPFWWebServiceBase.InitializeService()
2008-12-19 17:43:46,144 - [ INFO] Service Method Begin: McK.EIG.ROI.Client.Base.Controller.ROIController.GetConfiguration Transaction ID: 
2008-12-19 17:43:46,144 - [DEBUG]  Exiting:  HPFWWebServiceBase.InitializeService()
2008-12-19 17:43:47,550 - [DEBUG] Entering:  HPFWWebServiceBase.MarkServiceAsFinished()
2008-12-19 17:43:47,550 - [ INFO] Service Method End: McK.EIG.ROI.Client.Base.Controller.ROIController.GetConfiguration Transaction ID: 997ced40-a23a-4d5a-8d40-9b910be40227 Transaction Time: 1.406241 Seconds
2008-12-19 17:43:47,550 - [DEBUG]  Exiting:  HPFWWebServiceBase.MarkServiceAsFinished()
2008-12-19 17:43:47,550 - [DEBUG]  Exiting:  HPFWHelper.Invoke()
2008-12-19 17:43:48,784 - [DEBUG] Entering:  Utility.ValidateFiles()
2008-12-19 17:43:48,894 - [DEBUG] Entering:  Utility.GetSchema()
2008-12-19 17:43:51,113 - [DEBUG]  Exiting:  Utility.GetSchema()
2008-12-19 17:43:51,113 - [DEBUG] Entering:  Utility.GetSchema()
2008-12-19 17:43:51,206 - [DEBUG]  Exiting:  Utility.GetSchema()
2008-12-19 17:43:51,206 - [DEBUG] Entering:  Utility.GetSchema()
2008-12-19 17:43:55,003 - [DEBUG]  Exiting:  Utility.GetSchema()
2008-12-19 17:43:55,003 - [DEBUG] Entering:  Utility.GetSchema()
2008-12-19 17:43:55,159 - [DEBUG]  Exiting:  Utility.GetSchema()
2008-12-19 17:43:55,159 - [DEBUG] Entering:  Utility.GetSchema()
2008-12-19 17:43:55,269 - [DEBUG]  Exiting:  Utility.GetSchema()
2008-12-19 17:43:55,269 - [DEBUG] Entering:  Utility.GetSchema()
2008-12-19 17:43:55,300 - [DEBUG]  Exiting:  Utility.GetSchema()
2008-12-19 17:43:55,300 - [DEBUG] Entering:  Utility.GetSchema()
2008-12-19 17:43:55,300 - [DEBUG]  Exiting:  Utility.GetSchema()
2008-12-19 17:43:55,300 - [DEBUG] Entering:  Utility.GetSchema()
2008-12-19 17:43:55,316 - [DEBUG]  Exiting:  Utility.GetSchema()
2008-12-19 17:43:55,331 - [DEBUG] Entering:  AdminVault.LoadData()
2008-12-19 17:43:55,331 - [DEBUG] Start Date/Time: 12/19/2008 5:43:55 PM
2008-12-19 17:43:55,331 - [DEBUG] Entering:  MediaTypeVault.CacheAllSeedData()
2008-12-19 17:43:55,925 - [DEBUG] Entering:  ROIHelper.Invoke()
2008-12-19 17:43:55,956 - [DEBUG] Entering:  WebServiceBase.InitializeService()
2008-12-19 17:43:55,956 - [ INFO] Service Method Begin: McK.EIG.ROI.Client.Admin.Controller.BillingAdminController.RetrieveAllMediaTypes Transaction ID: c9e43e44-0776-4e88-b53b-ee3c27486224
2008-12-19 17:43:56,113 - [DEBUG]  Exiting:  WebServiceBase.InitializeService()
2008-12-19 17:44:08,253 - [DEBUG] Entering:  WebServiceBase.MarkServiceAsFinished()
2008-12-19 17:44:08,253 - [ INFO] Service Method End: McK.EIG.ROI.Client.Admin.Controller.BillingAdminController.RetrieveAllMediaTypes Transaction ID: c9e43e44-0776-4e88-b53b-ee3c27486224 Transaction Time: 12.1405473 Seconds
2008-12-19 17:44:08,253 - [DEBUG]  Exiting:  WebServiceBase.MarkServiceAsFinished()
2008-12-19 17:44:08,253 - [DEBUG]  Exiting:  ROIHelper.Invoke()
2008-12-19 17:44:08,675 - [DEBUG]  Exiting:  MediaTypeVault.CacheAllSeedData()
2008-12-19 17:44:08,691 - [DEBUG] Entering:  AdminVault.Load()
2008-12-19 17:44:08,691 - [DEBUG] Processing Data Vault for 01_MediaTypes
2008-12-19 17:44:08,691 - [DEBUG] Start Date/Time: 12/19/2008 5:44:08 PM
2008-12-19 17:44:08,691 - [DEBUG] Entering:  Utility.ReadData()
2008-12-19 17:44:08,722 - [DEBUG] Entering:  Utility.ExecuteQuery()
2008-12-19 17:44:08,847 - [DEBUG]  Exiting:  Utility.ExecuteQuery()
2008-12-19 17:44:08,862 - [DEBUG] Entering:  MediaTypeVault.Load()
2008-12-19 17:44:08,862 - [DEBUG] Entering:  MediaTypeVault.CreateMediaType()
2008-12-19 17:44:08,862 - [DEBUG] Entering:  MediaTypeVault.UpdateMediaTypeDetail()
2008-12-19 17:44:08,862 - [DEBUG] Processing Record: 1 Start Time: 12/19/2008 5:44:08 PM
2008-12-19 17:44:08,894 - [DEBUG] Entering:  ROIHelper.Invoke()
2008-12-19 17:44:08,894 - [DEBUG] Entering:  WebServiceBase.InitializeService()
2008-12-19 17:44:08,894 - [ INFO] Service Method Begin: McK.EIG.ROI.Client.Admin.Controller.BillingAdminController.UpdateMediaType Transaction ID: 9c90b77d-7fd3-47ab-9365-4c4a948773b2
2008-12-19 17:44:08,894 - [DEBUG]  Exiting:  WebServiceBase.InitializeService()
2008-12-19 17:44:10,019 - [ERROR]  Failure:  Function = ROIHelper.Invoke(),  Message = System.Web.Services.Protocols.SoapException: ROIException
   at McK.EIG.ROI.Client.Base.Controller.ROIHelper.Invoke(WebServicesClientProtocol serviceProxy, String serviceMethod, Object[] requestParams)
2008-12-19 17:44:10,019 - [DEBUG] Entering:  WebServiceBase.MarkServiceAsFinished()
2008-12-19 17:44:10,034 - [ INFO] Service Method End: McK.EIG.ROI.Client.Admin.Controller.BillingAdminController.UpdateMediaType Transaction ID: 9c90b77d-7fd3-47ab-9365-4c4a948773b2 Transaction Time: 1.1406177 Seconds
2008-12-19 17:44:10,034 - [DEBUG]  Exiting:  WebServiceBase.MarkServiceAsFinished()
2008-12-19 17:44:10,034 - [DEBUG]  Exiting:  ROIHelper.Invoke()
2008-12-19 17:44:10,034 - [ERROR]  Failure:  Function = MediaTypeVault.UpdateMediaTypeDetail(),  Message = McK.EIG.ROI.Client.Base.Model.ROIException: Exception of type 'McK.EIG.ROI.Client.Base.Model.ROIException' was thrown. ---> System.Web.Services.Protocols.SoapException: ROIException
   at McK.EIG.ROI.Client.Base.Controller.ROIHelper.Invoke(WebServicesClientProtocol serviceProxy, String serviceMethod, Object[] requestParams)
   --- End of inner exception stack trace ---
   at McK.EIG.ROI.Client.Base.Controller.ROIHelper.Invoke(WebServicesClientProtocol serviceProxy, String serviceMethod, Object[] requestParams)
   at McK.EIG.ROI.Client.Admin.Controller.BillingAdminController.UpdateMediaType(MediaTypeDetails mediaTypeDetails)
   at McK.EIG.ROI.DataVault.Admin.MediaTypeVault.UpdateMediaTypeDetail(MediaTypeDetails mediaType, Int64 recordCount)
2008-12-19 17:44:10,066 - [DEBUG] Soap exception type:  ROIException
2008-12-19 17:44:10,066 - [DEBUG] Soap exception message:  Unknown error
2008-12-19 17:44:10,066 - [DEBUG] Soap exception errorcode:  T033
2008-12-19 17:44:10,066 - [DEBUG] Soap exception errorcode string:  Record already modified. Refresh the data and try again.
2008-12-19 17:44:10,066 - [DEBUG] Soap exception errorcodeext:  Object of class [com.mckesson.eig.roi.admin.model.MediaType] with identifier [-1]: optimistic locking failed; nested exception is org.hibernate.StaleObjectStateException: Row was updated or deleted by another transaction (or unsaved-value mapping was incorrect): [com.mckesson.eig.roi.admin.model.MediaType#-1]
2008-12-19 17:44:10,066 - [DEBUG] Soap exception from sys160
2008-12-19 17:46:33,987 - [DEBUG] Entering:  Start.Init()
2008-12-19 17:46:34,018 - [DEBUG] Start Date/Time: 12/19/2008 5:46:34 PM
2008-12-19 17:46:34,018 - [DEBUG] Entering:  DataSourceNameUtility.CreateUserDataSourceName()
2008-12-19 17:46:34,018 - [DEBUG] Entering:  DataSourceNameUtility.IsDsnExists()
2008-12-19 17:46:34,018 - [DEBUG] DSN Exist: ROIDataVaultExcelFile
2008-12-19 17:46:34,018 - [DEBUG]  Exiting:  DataSourceNameUtility.CreateUserDataSourceName()
2008-12-19 17:46:37,518 - [DEBUG] Entering:  HPFWHelper.Invoke()
2008-12-19 17:46:37,533 - [DEBUG] Entering:  HPFWWebServiceBase.InitializeService()
2008-12-19 17:46:37,533 - [ INFO] Service Method Begin: McK.EIG.ROI.Client.Base.Controller.ROIController.LogOn Transaction ID: 
2008-12-19 17:46:37,549 - [DEBUG]  Exiting:  HPFWWebServiceBase.InitializeService()
2008-12-19 17:46:41,377 - [DEBUG] Entering:  HPFWWebServiceBase.MarkServiceAsFinished()
2008-12-19 17:46:41,377 - [ INFO] Service Method End: McK.EIG.ROI.Client.Base.Controller.ROIController.LogOn Transaction ID: 7afaf77c-eba5-43c5-838e-db6875872140 Transaction Time: 3.8281005 Seconds
2008-12-19 17:46:41,393 - [DEBUG]  Exiting:  HPFWWebServiceBase.MarkServiceAsFinished()
2008-12-19 17:46:41,393 - [DEBUG]  Exiting:  HPFWHelper.Invoke()
2008-12-19 17:46:41,408 - [DEBUG] Entering:  HPFWHelper.Invoke()
2008-12-19 17:46:41,408 - [DEBUG] Entering:  HPFWWebServiceBase.InitializeService()
2008-12-19 17:46:41,408 - [ INFO] Service Method Begin: McK.EIG.ROI.Client.Base.Controller.ROIController.GetConfiguration Transaction ID: 
2008-12-19 17:46:41,408 - [DEBUG]  Exiting:  HPFWWebServiceBase.InitializeService()
2008-12-19 17:46:46,111 - [DEBUG] Entering:  HPFWWebServiceBase.MarkServiceAsFinished()
2008-12-19 17:46:46,111 - [ INFO] Service Method End: McK.EIG.ROI.Client.Base.Controller.ROIController.GetConfiguration Transaction ID: c3680d3d-a732-4615-ae8b-5db9f75deab7 Transaction Time: 4.7030949 Seconds
2008-12-19 17:46:46,111 - [DEBUG]  Exiting:  HPFWWebServiceBase.MarkServiceAsFinished()
2008-12-19 17:46:46,111 - [DEBUG]  Exiting:  HPFWHelper.Invoke()
2008-12-19 17:46:46,221 - [DEBUG] Entering:  Utility.ValidateFiles()
2008-12-19 17:46:46,221 - [DEBUG] Entering:  Utility.GetSchema()
2008-12-19 17:46:46,736 - [DEBUG]  Exiting:  Utility.GetSchema()
2008-12-19 17:46:46,736 - [DEBUG] Entering:  Utility.GetSchema()
2008-12-19 17:46:46,799 - [DEBUG]  Exiting:  Utility.GetSchema()
2008-12-19 17:46:46,799 - [DEBUG] Entering:  Utility.GetSchema()
2008-12-19 17:46:50,408 - [DEBUG]  Exiting:  Utility.GetSchema()
2008-12-19 17:46:50,408 - [DEBUG] Entering:  Utility.GetSchema()
2008-12-19 17:46:50,518 - [DEBUG]  Exiting:  Utility.GetSchema()
2008-12-19 17:46:50,518 - [DEBUG] Entering:  Utility.GetSchema()
2008-12-19 17:46:50,565 - [DEBUG]  Exiting:  Utility.GetSchema()
2008-12-19 17:46:50,580 - [DEBUG] Entering:  Utility.GetSchema()
2008-12-19 17:46:50,690 - [DEBUG]  Exiting:  Utility.GetSchema()
2008-12-19 17:46:50,690 - [DEBUG] Entering:  Utility.GetSchema()
2008-12-19 17:46:50,736 - [DEBUG]  Exiting:  Utility.GetSchema()
2008-12-19 17:46:50,736 - [DEBUG] Entering:  Utility.GetSchema()
2008-12-19 17:46:50,799 - [DEBUG]  Exiting:  Utility.GetSchema()
2008-12-19 17:46:50,815 - [DEBUG] Entering:  AdminVault.LoadData()
2008-12-19 17:46:50,830 - [DEBUG] Start Date/Time: 12/19/2008 5:46:50 PM
2008-12-19 17:46:50,861 - [DEBUG] Entering:  MediaTypeVault.CacheAllSeedData()
2008-12-19 17:46:51,486 - [DEBUG] Entering:  ROIHelper.Invoke()
2008-12-19 17:46:51,533 - [DEBUG] Entering:  WebServiceBase.InitializeService()
2008-12-19 17:46:51,533 - [ INFO] Service Method Begin: McK.EIG.ROI.Client.Admin.Controller.BillingAdminController.RetrieveAllMediaTypes Transaction ID: 10d5d71f-32cc-46fa-8211-467674d95273
2008-12-19 17:46:51,877 - [DEBUG]  Exiting:  WebServiceBase.InitializeService()
2008-12-19 17:46:54,783 - [DEBUG] Entering:  WebServiceBase.MarkServiceAsFinished()
2008-12-19 17:46:54,783 - [ INFO] Service Method End: McK.EIG.ROI.Client.Admin.Controller.BillingAdminController.RetrieveAllMediaTypes Transaction ID: 10d5d71f-32cc-46fa-8211-467674d95273 Transaction Time: 2.9062314 Seconds
2008-12-19 17:46:54,783 - [DEBUG]  Exiting:  WebServiceBase.MarkServiceAsFinished()
2008-12-19 17:46:54,783 - [DEBUG]  Exiting:  ROIHelper.Invoke()
2008-12-19 17:46:55,314 - [DEBUG]  Exiting:  MediaTypeVault.CacheAllSeedData()
2008-12-19 17:46:55,330 - [DEBUG] Entering:  AdminVault.Load()
2008-12-19 17:46:55,330 - [DEBUG] Processing Data Vault for 01_MediaTypes
2008-12-19 17:46:55,330 - [DEBUG] Start Date/Time: 12/19/2008 5:46:55 PM
2008-12-19 17:46:55,330 - [DEBUG] Entering:  Utility.ReadData()
2008-12-19 17:46:55,346 - [DEBUG] Entering:  Utility.ExecuteQuery()
2008-12-19 17:46:55,471 - [DEBUG]  Exiting:  Utility.ExecuteQuery()
2008-12-19 17:46:55,486 - [DEBUG] Entering:  MediaTypeVault.Load()
2008-12-19 17:46:55,518 - [DEBUG] Entering:  MediaTypeVault.CreateMediaType()
2008-12-19 17:46:55,533 - [DEBUG] Entering:  MediaTypeVault.UpdateMediaTypeDetail()
2008-12-19 17:46:55,533 - [DEBUG] Processing Record: 1 Start Time: 12/19/2008 5:46:55 PM
2008-12-19 17:46:55,580 - [DEBUG] Entering:  ROIHelper.Invoke()
2008-12-19 17:46:55,580 - [DEBUG] Entering:  WebServiceBase.InitializeService()
2008-12-19 17:46:55,580 - [ INFO] Service Method Begin: McK.EIG.ROI.Client.Admin.Controller.BillingAdminController.UpdateMediaType Transaction ID: 240f15ab-51e4-4ff7-be30-e0ef8f37a530
2008-12-19 17:46:55,580 - [DEBUG]  Exiting:  WebServiceBase.InitializeService()
2008-12-19 17:46:56,236 - [ERROR]  Failure:  Function = ROIHelper.Invoke(),  Message = System.Web.Services.Protocols.SoapException: ROIException
   at McK.EIG.ROI.Client.Base.Controller.ROIHelper.Invoke(WebServicesClientProtocol serviceProxy, String serviceMethod, Object[] requestParams)
2008-12-19 17:46:56,236 - [DEBUG] Entering:  WebServiceBase.MarkServiceAsFinished()
2008-12-19 17:46:56,236 - [ INFO] Service Method End: McK.EIG.ROI.Client.Admin.Controller.BillingAdminController.UpdateMediaType Transaction ID: 240f15ab-51e4-4ff7-be30-e0ef8f37a530 Transaction Time: 0.6562458 Seconds
2008-12-19 17:46:56,236 - [DEBUG]  Exiting:  WebServiceBase.MarkServiceAsFinished()
2008-12-19 17:46:56,236 - [DEBUG]  Exiting:  ROIHelper.Invoke()
2008-12-19 17:46:56,268 - [ERROR]  Failure:  Function = MediaTypeVault.UpdateMediaTypeDetail(),  Message = McK.EIG.ROI.Client.Base.Model.ROIException: Exception of type 'McK.EIG.ROI.Client.Base.Model.ROIException' was thrown. ---> System.Web.Services.Protocols.SoapException: ROIException
   at McK.EIG.ROI.Client.Base.Controller.ROIHelper.Invoke(WebServicesClientProtocol serviceProxy, String serviceMethod, Object[] requestParams)
   --- End of inner exception stack trace ---
   at McK.EIG.ROI.Client.Base.Controller.ROIHelper.Invoke(WebServicesClientProtocol serviceProxy, String serviceMethod, Object[] requestParams)
   at McK.EIG.ROI.Client.Admin.Controller.BillingAdminController.UpdateMediaType(MediaTypeDetails mediaTypeDetails)
   at McK.EIG.ROI.DataVault.Admin.MediaTypeVault.UpdateMediaTypeDetail(MediaTypeDetails mediaType, Int64 recordCount)
2008-12-19 17:46:56,299 - [DEBUG] Soap exception type:  ROIException
2008-12-19 17:46:56,299 - [DEBUG] Soap exception message:  Unknown error
2008-12-19 17:46:56,299 - [DEBUG] Soap exception errorcode:  T033
2008-12-19 17:46:56,299 - [DEBUG] Soap exception errorcode string:  Record already modified. Refresh the data and try again.
2008-12-19 17:46:56,299 - [DEBUG] Soap exception errorcodeext:  Object of class [com.mckesson.eig.roi.admin.model.MediaType] with identifier [-1]: optimistic locking failed; nested exception is org.hibernate.StaleObjectStateException: Row was updated or deleted by another transaction (or unsaved-value mapping was incorrect): [com.mckesson.eig.roi.admin.model.MediaType#-1]
2008-12-19 17:46:56,299 - [DEBUG] Soap exception from sys160
